<?xml version="1.0" encoding="UTF-8"?>
<!-- Generated by org.testng.reporters.JUnitReportReporter -->
<testsuite hostname="HP" failures="0" tests="2" name="tests.api.NotesDeleteApiTests" time="3.530" errors="0" timestamp="2026-05-28T01:52:28 IST" skipped="0">
  <testcase classname="tests.api.NotesDeleteApiTests" name="verifySuccessfulNoteDeletion" time="2.330"/>
  <testcase classname="tests.api.NotesDeleteApiTests" name="verifyInvalidNoteIdDeletion" time="1.200"/>
</testsuite> <!-- tests.api.NotesDeleteApiTests -->
