<?xml version="1.0" encoding="UTF-8"?>
<!-- Generated by org.testng.reporters.JUnitReportReporter -->
<testsuite hostname="HP" failures="0" tests="6" name="tests.ui.NotesUiTests" time="48.473" errors="0" timestamp="2026-05-28T01:52:28 IST" skipped="0">
  <testcase classname="tests.ui.NotesUiTests" name="verifyNoteCreation" time="6.372"/>
  <testcase classname="tests.ui.NotesUiTests" name="verifyNoteCreation" time="5.437"/>
  <testcase classname="tests.ui.NotesUiTests" name="verifyNoteCreation" time="7.930"/>
  <testcase classname="tests.ui.NotesUiTests" name="verifyNoteCreation" time="15.337"/>
  <testcase classname="tests.ui.NotesUiTests" name="verifyNoteCreation" time="7.832"/>
  <testcase classname="tests.ui.NotesUiTests" name="verifyNoteCreation" time="5.565"/>
</testsuite> <!-- tests.ui.NotesUiTests -->
