<?xml version="1.0" encoding="UTF-8"?>
<!-- Generated by org.testng.reporters.JUnitReportReporter -->
<testsuite hostname="HP" failures="0" tests="2" name="tests.e2e.NotesDeletionHybridTests" time="75.471" errors="0" timestamp="2026-05-27T17:57:21 IST" skipped="0">
  <testcase classname="tests.e2e.NotesDeletionHybridTests" name="verifyDeletedNoteDisappearsFromUi" time="68.477"/>
  <testcase classname="tests.e2e.NotesDeletionHybridTests" name="verifyDeletedNoteDoesNotReappearAfterRefresh" time="6.994"/>
</testsuite> <!-- tests.e2e.NotesDeletionHybridTests -->
