<?xml version="1.0" encoding="UTF-8"?>
<!-- Generated by org.testng.reporters.JUnitReportReporter -->
<testsuite hostname="HP" failures="0" tests="2" name="tests.api.NotesPerformanceApiTests" time="20.257" errors="0" timestamp="2026-05-27T17:57:21 IST" skipped="0">
  <testcase classname="tests.api.NotesPerformanceApiTests" name="verifyApiResponseTime" time="1.648"/>
  <testcase classname="tests.api.NotesPerformanceApiTests" name="verifyApiStabilityDuringMultipleRequests" time="18.609"/>
</testsuite> <!-- tests.api.NotesPerformanceApiTests -->
