<?xml version="1.0" encoding="UTF-8"?>
<!-- Generated by org.testng.reporters.JUnitReportReporter -->
<testsuite hostname="HP" failures="0" tests="2" name="tests.api.NotesPerformanceApiTests" time="10.202" errors="0" timestamp="2026-05-28T12:26:10 IST" skipped="0">
  <testcase classname="tests.api.NotesPerformanceApiTests" name="verifyApiResponseTime" time="1.165"/>
  <testcase classname="tests.api.NotesPerformanceApiTests" name="verifyApiStabilityDuringMultipleRequests" time="9.037"/>
</testsuite> <!-- tests.api.NotesPerformanceApiTests -->
