<?xml version="1.0" encoding="UTF-8"?>
<!-- Generated by org.testng.reporters.JUnitReportReporter -->
<testsuite hostname="HP" failures="0" tests="2" name="tests.api.NotesDeleteApiTests" time="5.927" errors="0" timestamp="2026-05-27T17:57:21 IST" skipped="0">
  <testcase classname="tests.api.NotesDeleteApiTests" name="verifySuccessfulNoteDeletion" time="3.708"/>
  <testcase classname="tests.api.NotesDeleteApiTests" name="verifyInvalidNoteIdDeletion" time="2.219"/>
</testsuite> <!-- tests.api.NotesDeleteApiTests -->
