<?xml version="1.0" encoding="UTF-8"?>
<!-- Generated by org.testng.reporters.JUnitReportReporter -->
<testsuite hostname="HP" failures="0" tests="2" name="tests.e2e.NotesHybridTests" time="40.795" errors="0" timestamp="2026-05-28T12:26:10 IST" skipped="0">
  <testcase classname="tests.e2e.NotesHybridTests" name="verifyUiCreatedNoteInApi" time="32.719"/>
  <testcase classname="tests.e2e.NotesHybridTests" name="verifyCreatedNoteStillExistsInApi" time="8.076"/>
</testsuite> <!-- tests.e2e.NotesHybridTests -->
