<?xml version="1.0" encoding="UTF-8"?>
<!-- Generated by org.testng.reporters.JUnitReportReporter -->
<testsuite hostname="HP" failures="0" tests="3" name="tests.ui.LoginTests" time="41.189" errors="0" timestamp="2026-05-28T12:26:10 IST" skipped="0">
  <testcase classname="tests.ui.LoginTests" name="verifyLogin" time="27.991"/>
  <testcase classname="tests.ui.LoginTests" name="verifyLogin" time="6.054"/>
  <testcase classname="tests.ui.LoginTests" name="verifyLogin" time="7.144"/>
</testsuite> <!-- tests.ui.LoginTests -->
