<?xml version="1.0" encoding="UTF-8"?>
<!-- Generated by org.testng.reporters.JUnitReportReporter -->
<testsuite hostname="HP" failures="0" tests="3" name="tests.ui.LoginTests" time="35.341" errors="0" timestamp="2026-05-27T17:57:21 IST" skipped="0">
  <testcase classname="tests.ui.LoginTests" name="verifyLogin" time="7.014"/>
  <testcase classname="tests.ui.LoginTests" name="verifyLogin" time="14.943"/>
  <testcase classname="tests.ui.LoginTests" name="verifyLogin" time="13.384"/>
</testsuite> <!-- tests.ui.LoginTests -->
