<?xml version="1.0" encoding="UTF-8"?>
<!-- Generated by org.testng.reporters.JUnitReportReporter -->
<testsuite hostname="HP" failures="0" tests="6" name="tests.ui.NotesUiTests" time="107.183" errors="0" timestamp="2026-05-27T17:57:21 IST" skipped="0">
  <testcase classname="tests.ui.NotesUiTests" name="verifyNoteCreation" time="5.911"/>
  <testcase classname="tests.ui.NotesUiTests" name="verifyNoteCreation" time="6.267"/>
  <testcase classname="tests.ui.NotesUiTests" name="verifyNoteCreation" time="11.048"/>
  <testcase classname="tests.ui.NotesUiTests" name="verifyNoteCreation" time="51.450"/>
  <testcase classname="tests.ui.NotesUiTests" name="verifyNoteCreation" time="21.808"/>
  <testcase classname="tests.ui.NotesUiTests" name="verifyNoteCreation" time="10.699"/>
</testsuite> <!-- tests.ui.NotesUiTests -->
