<?xml version="1.0" encoding="UTF-8"?>
<!-- Generated by org.testng.reporters.JUnitReportReporter -->
<testsuite hostname="HP" failures="0" tests="2" name="tests.api.NotesApiTests" time="8.348" errors="0" timestamp="2026-05-28T01:52:28 IST" skipped="0">
  <testcase classname="tests.api.NotesApiTests" name="verifyNewlyCreatedNoteAppearsInstantly" time="6.914"/>
  <testcase classname="tests.api.NotesApiTests" name="verifyNoteVisibilityAfterRefresh" time="1.434"/>
</testsuite> <!-- tests.api.NotesApiTests -->
