<?xml version="1.0" encoding="UTF-8"?>
<!-- Generated by org.testng.reporters.JUnitReportReporter -->
<testsuite hostname="HP" failures="0" tests="2" name="tests.api.NotesApiTests" time="12.406" errors="0" timestamp="2026-05-27T17:57:21 IST" skipped="0">
  <testcase classname="tests.api.NotesApiTests" name="verifyNewlyCreatedNoteAppearsInstantly" time="10.155"/>
  <testcase classname="tests.api.NotesApiTests" name="verifyNoteVisibilityAfterRefresh" time="2.251"/>
</testsuite> <!-- tests.api.NotesApiTests -->
