<?xml version="1.0" encoding="UTF-8"?>
<!-- Generated by org.testng.reporters.JUnitReportReporter -->
<testsuite hostname="HP" failures="0" tests="2" name="tests.e2e.NotesDeletionHybridTests" time="67.834" errors="0" timestamp="2026-05-28T12:26:10 IST" skipped="0">
  <testcase classname="tests.e2e.NotesDeletionHybridTests" name="verifyDeletedNoteDisappearsFromUi" time="46.583"/>
  <testcase classname="tests.e2e.NotesDeletionHybridTests" name="verifyDeletedNoteDoesNotReappearAfterRefresh" time="21.251"/>
</testsuite> <!-- tests.e2e.NotesDeletionHybridTests -->
