<?xml version="1.0" encoding="UTF-8"?>
<!-- Generated by org.testng.reporters.JUnitReportReporter -->
<testsuite hostname="HP" failures="0" tests="2" name="tests.e2e.NotesHybridTests" time="16.462" errors="0" timestamp="2026-05-28T01:52:28 IST" skipped="0">
  <testcase classname="tests.e2e.NotesHybridTests" name="verifyUiCreatedNoteInApi" time="9.834"/>
  <testcase classname="tests.e2e.NotesHybridTests" name="verifyFieldMatchingAndNoteIdConsistency" time="6.628"/>
</testsuite> <!-- tests.e2e.NotesHybridTests -->
