<?xml version="1.0" encoding="UTF-8"?>
<testsuite xmlns:xsi="http://www.w3.org/2001/XMLSchema-instance" xsi:noNamespaceSchemaLocation="https://maven.apache.org/surefire/maven-surefire-plugin/xsd/surefire-test-report-3.0.xsd" version="3.0" name="TestSuite" time="110.8" tests="20" errors="0" skipped="0" failures="0">
  <properties>
[...]
</properties>
  <testcase name="verifyUnauthorizedApiRequestHandling" classname="tests.api.UnauthorizedApiTests" time="4.999">
    <system-out><![CDATA[2026-05-27T12:25:32.117817300Z TestNG-test-AllParallelTests-1 ERROR Error parsing C:\Users\pritn\Desktop\VScode projects\Sprint\automation-framework\target\test-classes\log4j2.xml org.xml.sax.SAXParseException; systemId: file:///C:/Users/pritn/Desktop/VScode%20projects/Sprint/automation-framework/target/test-classes/log4j2.xml; lineNumber: 1; columnNumber: 1; Premature end of file.
	at java.xml/com.sun.org.apache.xerces.internal.parsers.DOMParser.parse(DOMParser.java:262)
	at java.xml/com.sun.org.apache.xerces.internal.jaxp.DocumentBuilderImpl.parse(DocumentBuilderImpl.java:342)
	at org.apache.logging.log4j.core.config.xml.XmlConfiguration.<init>(XmlConfiguration.java:92)
	at org.apache.logging.log4j.core.config.xml.XmlConfigurationFactory.getConfiguration(XmlConfigurationFactory.java:46)
	at org.apache.logging.log4j.core.config.ConfigurationFactory$Factory.getConfiguration(ConfigurationFactory.java:544)
	at org.apache.logging.log4j.core.config.ConfigurationFactory$Factory.getConfiguration(ConfigurationFactory.java:463)
	at org.apache.logging.log4j.core.config.ConfigurationFactory.getConfiguration(ConfigurationFactory.java:321)
	at org.apache.logging.log4j.core.LoggerContext.reconfigure(LoggerContext.java:705)
	at org.apache.logging.log4j.core.LoggerContext.reconfigure(LoggerContext.java:735)
	at org.apache.logging.log4j.core.LoggerContext.start(LoggerContext.java:260)
	at org.apache.logging.log4j.core.impl.Log4jContextFactory.getContext(Log4jContextFactory.java:154)
	at org.apache.logging.log4j.core.impl.Log4jContextFactory.getContext(Log4jContextFactory.java:46)
	at org.apache.logging.log4j.LogManager.getContext(LogManager.java:197)
	at org.apache.logging.log4j.LogManager.getLogger(LogManager.java:611)
	at org.apache.poi.ooxml.POIXMLDocumentPart.<clinit>(POIXMLDocumentPart.java:56)
	at utils.ExcelUtils.getSheetData(ExcelUtils.java:22)
	at tests.ui.LoginTests.loginData(LoginTests.java:18)
	at java.base/jdk.internal.reflect.NativeMethodAccessorImpl.invoke0(Native Method)
	at java.base/jdk.internal.reflect.NativeMethodAccessorImpl.invoke(NativeMethodAccessorImpl.java:77)
	at java.base/jdk.internal.reflect.DelegatingMethodAccessorImpl.invoke(DelegatingMethodAccessorImpl.java:43)
	at java.base/java.lang.reflect.Method.invoke(Method.java:568)
	at org.testng.internal.invokers.MethodInvocationHelper.invokeMethod(MethodInvocationHelper.java:141)
	at org.testng.internal.invokers.MethodInvocationHelper.invokeMethod(MethodInvocationHelper.java:86)
	at org.testng.internal.invokers.MethodInvocationHelper.invokeMethodNoCheckedException(MethodInvocationHelper.java:54)
	at org.testng.internal.invokers.MethodInvocationHelper.invokeDataProvider(MethodInvocationHelper.java:159)
	at org.testng.internal.Parameters.handleParameters(Parameters.java:809)
	at org.testng.internal.Parameters.handleParameters(Parameters.java:734)
	at org.testng.internal.invokers.ParameterHandler.handleParameters(ParameterHandler.java:72)
	at org.testng.internal.invokers.ParameterHandler.createParameters(ParameterHandler.java:51)
	at org.testng.internal.invokers.TestInvoker$MethodInvocationAgent.invoke(TestInvoker.java:946)
	at org.testng.internal.invokers.TestInvoker.invokeTestMethods(TestInvoker.java:203)
	at org.testng.internal.invokers.TestMethodWorker.invokeTestMethods(TestMethodWorker.java:154)
	at org.testng.internal.invokers.TestMethodWorker.run(TestMethodWorker.java:134)
	at java.base/java.util.concurrent.Executors$RunnableAdapter.call(Executors.java:539)
	at java.base/java.util.concurrent.FutureTask.run(FutureTask.java:264)
	at org.testng.internal.thread.graph.TestNGFutureTask.run(TestNGFutureTask.java:22)
	at java.base/java.util.concurrent.ThreadPoolExecutor.runWorker(ThreadPoolExecutor.java:1136)
	at java.base/java.util.concurrent.ThreadPoolExecutor$Worker.run(ThreadPoolExecutor.java:635)
	at java.base/java.lang.Thread.run(Thread.java:840)

2026-05-27T12:25:32.117817300Z TestNG-test-AllParallelTests-1 ERROR No logging configuration
STATUS CODE:
401
RESPONSE BODY:
{"success":false,"status":401,"message":"No authentication token specified in x-auth-token header"}
STATUS CODE:
200
RESPONSE BODY:
{"success":true,"status":200,"message":"Login successful","data":{"id":"6a117227038935029662fbfe","name":"user1","email":"testuser1+1@gmail.com","token":"7f4e95853c284f6a917d0fa48e07b29b1c05e48ef06f461886071cd2d203b3de"}}
]]></system-out>
    <system-err><![CDATA[SLF4J: Failed to load class "org.slf4j.impl.StaticLoggerBinder".
SLF4J: Defaulting to no-operation (NOP) logger implementation
SLF4J: See http://www.slf4j.org/codes.html#StaticLoggerBinder for further details.
[Fatal Error] log4j2.xml:1:1: Premature end of file.
]]></system-err>
  </testcase>
  <testcase name="verifyNewlyCreatedNoteAppearsInstantly" classname="tests.api.NotesApiTests" time="0.883">
    <system-out><![CDATA[STATUS CODE:
200
RESPONSE:
{
    "success": true,
    "status": 200,
    "message": "Notes successfully retrieved",
    "data": [
        {
            "id": "6a16e0d953916b0295ce05b4",
            "title": "@#$%^&*",
            "description": "Special chars test",
            "category": "Home",
            "completed": false,
            "created_at": "2026-05-27T12:17:29.773Z",
            "updated_at": "2026-05-27T12:17:29.773Z",
            "user_id": "6a117227038935029662fbfe"
        },
        {
            "id": "6a16e0be53916b0295ce055b",
            "title": "Test123",
            "description": "Note description",
            "category": "Home",
            "completed": false,
            "created_at": "2026-05-27T12:17:02.574Z",
            "updated_at": "2026-05-27T12:17:02.574Z",
            "user_id": "6a117227038935029662fbfe"
        },
        {
            "id": "6a16e0ac53916b0295ce04fc",
            "title": "Hybrid Note",
            "description": "Created from UI",
            "category": "Home",
            "completed": false,
            "created_at": "2026-05-27T12:16:44.562Z",
            "updated_at": "2026-05-27T12:16:44.562Z",
            "user_id": "6a117227038935029662fbfe"
        },
        {
            "id": "6a16e0ab53916b0295ce04f1",
            "title": "Automation Note",
            "description": "Created using Selenium",
            "category": "Home",
            "completed": false,
            "created_at": "2026-05-27T12:16:43.597Z",
            "updated_at": "2026-05-27T12:16:43.597Z",
            "user_id": "6a117227038935029662fbfe"
        },
        {
            "id": "6a16df7b53916b0295ce038a",
            "title": "Test123",
            "description": "Note description",
            "category": "Home",
            "completed": false,
            "created_at": "2026-05-27T12:11:39.708Z",
            "updated_at": "2026-05-27T12:11:39.708Z",
            "user_id": "6a117227038935029662fbfe"
        },
        {
            "id": "6a16df6e53916b0295ce0332",
            "title": "Automation Note",
            "description": "Created using Selenium",
            "category": "Home",
            "completed": false,
            "created_at": "2026-05-27T12:11:26.908Z",
            "updated_at": "2026-05-27T12:11:26.908Z",
            "user_id": "6a117227038935029662fbfe"
        },
        {
            "id": "6a16df6e53916b0295ce032e",
            "title": "Hybrid Note",
            "description": "Created from UI",
            "category": "Home",
            "completed": false,
            "created_at": "2026-05-27T12:11:26.763Z",
            "updated_at": "2026-05-27T12:11:26.763Z",
            "user_id": "6a117227038935029662fbfe"
        },
        {
            "id": "6a16dc8353916b0295cdfd7d",
            "title": "Test123",
            "description": "Note description",
            "category": "Home",
            "completed": false,
            "created_at": "2026-05-27T11:58:59.318Z",
            "updated_at": "2026-05-27T11:58:59.318Z",
            "user_id": "6a117227038935029662fbfe"
        },
        {
            "id": "6a16dc6a53916b0295cdfd14",
            "title": "Hybrid Note",
            "description": "Created from UI",
            "category": "Home",
            "completed": false,
            "created_at": "2026-05-27T11:58:34.451Z",
            "updated_at": "2026-05-27T11:58:34.451Z",
            "user_id": "6a117227038935029662fbfe"
        },
        {
            "id": "6a16dc6a53916b0295cdfd10",
            "title": "Automation Note",
            "description": "Created using Selenium",
            "category": "Home",
            "completed": false,
            "created_at": "2026-05-27T11:58:34.413Z",
            "updated_at": "2026-05-27T11:58:34.413Z",
            "user_id": "6a117227038935029662fbfe"
        },
        {
            "id": "6a1551ea53916b0295cce773",
            "title": "Automation Note",
            "description": "Created using Selenium",
            "category": "Home",
            "completed": false,
            "created_at": "2026-05-26T07:55:22.481Z",
            "updated_at": "2026-05-26T07:55:22.481Z",
            "user_id": "6a117227038935029662fbfe"
        },
        {
            "id": "6a140215038935029664bff7",
            "title": "@#$%^&*",
            "description": "Special chars test",
            "category": "Home",
            "completed": true,
            "created_at": "2026-05-25T08:02:29.783Z",
            "updated_at": "2026-05-25T09:06:25.803Z",
            "user_id": "6a117227038935029662fbfe"
        },
        {
            "id": "6a12ca44038935029663991b",
            "title": "books",
            "description": "reading rich dad poor dad",
            "category": "Home",
            "completed": false,
            "created_at": "2026-05-24T09:52:04.157Z",
            "updated_at": "2026-05-24T09:52:04.157Z",
            "user_id": "6a117227038935029662fbfe"
        }
    ]
}
]]></system-out>
    <system-err><![CDATA[May 27, 2026 5:55:36 PM org.openqa.selenium.devtools.CdpVersionFinder findNearestMatch
WARNING: Unable to find CDP implementation matching 148
May 27, 2026 5:55:36 PM org.openqa.selenium.devtools.CdpVersionFinder findNearestMatch
WARNING: Unable to find CDP implementation matching 148
May 27, 2026 5:55:36 PM org.openqa.selenium.chromium.ChromiumDriver lambda$new$5
WARNING: Unable to find version of CDP to use for 148.0.7778.179. You may need to include a dependency on a specific version of the CDP using something similar to `org.seleniumhq.selenium:selenium-devtools-v86:4.21.0` where the version ("v86") matches the version of the chromium-based browser you're using and the version number of the artifact is the same as Selenium's.
May 27, 2026 5:55:36 PM org.openqa.selenium.chromium.ChromiumDriver lambda$new$5
WARNING: Unable to find version of CDP to use for 148.0.7778.179. You may need to include a dependency on a specific version of the CDP using something similar to `org.seleniumhq.selenium:selenium-devtools-v86:4.21.0` where the version ("v86") matches the version of the chromium-based browser you're using and the version number of the artifact is the same as Selenium's.
May 27, 2026 5:55:38 PM org.openqa.selenium.devtools.CdpVersionFinder findNearestMatch
WARNING: Unable to find CDP implementation matching 148
May 27, 2026 5:55:38 PM org.openqa.selenium.chromium.ChromiumDriver lambda$new$5
WARNING: Unable to find version of CDP to use for 148.0.7778.179. You may need to include a dependency on a specific version of the CDP using something similar to `org.seleniumhq.selenium:selenium-devtools-v86:4.21.0` where the version ("v86") matches the version of the chromium-based browser you're using and the version number of the artifact is the same as Selenium's.
]]></system-err>
  </testcase>
  <testcase name="verifyNoteVisibilityAfterRefresh" classname="tests.api.NotesApiTests" time="2.298">
    <system-out><![CDATA[STATUS CODE:
200
RESPONSE BODY:
{"success":true,"status":200,"message":"Login successful","data":{"id":"6a117227038935029662fbfe","name":"user1","email":"testuser1+1@gmail.com","token":"7f4e95853c284f6a917d0fa48e07b29b1c05e48ef06f461886071cd2d203b3de"}}
STATUS CODE:
200
RESPONSE:
{
    "success": true,
    "status": 200,
    "message": "Notes successfully retrieved",
    "data": [
        {
            "id": "6a16e0d953916b0295ce05b4",
            "title": "@#$%^&*",
            "description": "Special chars test",
            "category": "Home",
            "completed": false,
            "created_at": "2026-05-27T12:17:29.773Z",
            "updated_at": "2026-05-27T12:17:29.773Z",
            "user_id": "6a117227038935029662fbfe"
        },
        {
            "id": "6a16e0be53916b0295ce055b",
            "title": "Test123",
            "description": "Note description",
            "category": "Home",
            "completed": false,
            "created_at": "2026-05-27T12:17:02.574Z",
            "updated_at": "2026-05-27T12:17:02.574Z",
            "user_id": "6a117227038935029662fbfe"
        },
        {
            "id": "6a16e0ac53916b0295ce04fc",
            "title": "Hybrid Note",
            "description": "Created from UI",
            "category": "Home",
            "completed": false,
            "created_at": "2026-05-27T12:16:44.562Z",
            "updated_at": "2026-05-27T12:16:44.562Z",
            "user_id": "6a117227038935029662fbfe"
        },
        {
            "id": "6a16e0ab53916b0295ce04f1",
            "title": "Automation Note",
            "description": "Created using Selenium",
            "category": "Home",
            "completed": false,
            "created_at": "2026-05-27T12:16:43.597Z",
            "updated_at": "2026-05-27T12:16:43.597Z",
            "user_id": "6a117227038935029662fbfe"
        },
        {
            "id": "6a16df7b53916b0295ce038a",
            "title": "Test123",
            "description": "Note description",
            "category": "Home",
            "completed": false,
            "created_at": "2026-05-27T12:11:39.708Z",
            "updated_at": "2026-05-27T12:11:39.708Z",
            "user_id": "6a117227038935029662fbfe"
        },
        {
            "id": "6a16df6e53916b0295ce0332",
            "title": "Automation Note",
            "description": "Created using Selenium",
            "category": "Home",
            "completed": false,
            "created_at": "2026-05-27T12:11:26.908Z",
            "updated_at": "2026-05-27T12:11:26.908Z",
            "user_id": "6a117227038935029662fbfe"
        },
        {
            "id": "6a16df6e53916b0295ce032e",
            "title": "Hybrid Note",
            "description": "Created from UI",
            "category": "Home",
            "completed": false,
            "created_at": "2026-05-27T12:11:26.763Z",
            "updated_at": "2026-05-27T12:11:26.763Z",
            "user_id": "6a117227038935029662fbfe"
        },
        {
            "id": "6a16dc8353916b0295cdfd7d",
            "title": "Test123",
            "description": "Note description",
            "category": "Home",
            "completed": false,
            "created_at": "2026-05-27T11:58:59.318Z",
            "updated_at": "2026-05-27T11:58:59.318Z",
            "user_id": "6a117227038935029662fbfe"
        },
        {
            "id": "6a16dc6a53916b0295cdfd14",
            "title": "Hybrid Note",
            "description": "Created from UI",
            "category": "Home",
            "completed": false,
            "created_at": "2026-05-27T11:58:34.451Z",
            "updated_at": "2026-05-27T11:58:34.451Z",
            "user_id": "6a117227038935029662fbfe"
        },
        {
            "id": "6a16dc6a53916b0295cdfd10",
            "title": "Automation Note",
            "description": "Created using Selenium",
            "category": "Home",
            "completed": false,
            "created_at": "2026-05-27T11:58:34.413Z",
            "updated_at": "2026-05-27T11:58:34.413Z",
            "user_id": "6a117227038935029662fbfe"
        },
        {
            "id": "6a1551ea53916b0295cce773",
            "title": "Automation Note",
            "description": "Created using Selenium",
            "category": "Home",
            "completed": false,
            "created_at": "2026-05-26T07:55:22.481Z",
            "updated_at": "2026-05-26T07:55:22.481Z",
            "user_id": "6a117227038935029662fbfe"
        },
        {
            "id": "6a140215038935029664bff7",
            "title": "@#$%^&*",
            "description": "Special chars test",
            "category": "Home",
            "completed": true,
            "created_at": "2026-05-25T08:02:29.783Z",
            "updated_at": "2026-05-25T09:06:25.803Z",
            "user_id": "6a117227038935029662fbfe"
        },
        {
            "id": "6a12ca44038935029663991b",
            "title": "books",
            "description": "reading rich dad poor dad",
            "category": "Home",
            "completed": false,
            "created_at": "2026-05-24T09:52:04.157Z",
            "updated_at": "2026-05-24T09:52:04.157Z",
            "user_id": "6a117227038935029662fbfe"
        }
    ]
}
]]></system-out>
  </testcase>
  <testcase name="verifyLogin[testuser1+1@gmail.com, user1A@x, valid](1)" classname="tests.ui.LoginTests" time="0.213"/>
  <testcase name="verifyLogin[wrong@gmail.com, wrongpassword, invalid](2)" classname="tests.ui.LoginTests" time="2.628">
    <system-err><![CDATA[May 27, 2026 5:55:51 PM org.openqa.selenium.devtools.CdpVersionFinder findNearestMatch
WARNING: Unable to find CDP implementation matching 148
May 27, 2026 5:55:51 PM org.openqa.selenium.chromium.ChromiumDriver lambda$new$5
WARNING: Unable to find version of CDP to use for 148.0.7778.179. You may need to include a dependency on a specific version of the CDP using something similar to `org.seleniumhq.selenium:selenium-devtools-v86:4.21.0` where the version ("v86") matches the version of the chromium-based browser you're using and the version number of the artifact is the same as Selenium's.
]]></system-err>
  </testcase>
  <testcase name="verifyLogin[, , empty](3)" classname="tests.ui.LoginTests" time="0.266">
    <system-out><![CDATA[STATUS CODE:
200
RESPONSE BODY:
{"success":true,"status":200,"message":"Login successful","data":{"id":"6a117227038935029662fbfe","name":"user1","email":"testuser1+1@gmail.com","token":"7f4e95853c284f6a917d0fa48e07b29b1c05e48ef06f461886071cd2d203b3de"}}
]]></system-out>
    <system-err><![CDATA[May 27, 2026 5:56:01 PM org.openqa.selenium.devtools.CdpVersionFinder findNearestMatch
WARNING: Unable to find CDP implementation matching 148
May 27, 2026 5:56:01 PM org.openqa.selenium.chromium.ChromiumDriver lambda$new$5
WARNING: Unable to find version of CDP to use for 148.0.7778.179. You may need to include a dependency on a specific version of the CDP using something similar to `org.seleniumhq.selenium:selenium-devtools-v86:4.21.0` where the version ("v86") matches the version of the chromium-based browser you're using and the version number of the artifact is the same as Selenium's.
]]></system-err>
  </testcase>
  <testcase name="verifyUiCreatedNoteInApi" classname="tests.e2e.NotesHybridTests" time="1.004">
    <system-out><![CDATA[STATUS CODE:
200
RESPONSE BODY:
{"success":true,"status":200,"message":"Login successful","data":{"id":"6a117227038935029662fbfe","name":"user1","email":"testuser1+1@gmail.com","token":"7f4e95853c284f6a917d0fa48e07b29b1c05e48ef06f461886071cd2d203b3de"}}
STATUS CODE:
200
RESPONSE BODY:
{"success":true,"status":200,"message":"Login successful","data":{"id":"6a117227038935029662fbfe","name":"user1","email":"testuser1+1@gmail.com","token":"7f4e95853c284f6a917d0fa48e07b29b1c05e48ef06f461886071cd2d203b3de"}}
{"success":true,"status":200,"message":"Notes successfully retrieved","data":[{"id":"6a16e2c853916b0295ce0897","title":"Automation Note","description":"Created using Selenium","category":"Home","completed":false,"created_at":"2026-05-27T12:25:44.327Z","updated_at":"2026-05-27T12:25:44.327Z","user_id":"6a117227038935029662fbfe"},{"id":"6a16e2c753916b0295ce0891","title":"Hybrid Note","description":"Created from UI","category":"Home","completed":false,"created_at":"2026-05-27T12:25:43.777Z","updated_at":"2026-05-27T12:25:43.777Z","user_id":"6a117227038935029662fbfe"},{"id":"6a16e0d953916b0295ce05b4","title":"@#$%^&*","description":"Special chars test","category":"Home","completed":false,"created_at":"2026-05-27T12:17:29.773Z","updated_at":"2026-05-27T12:17:29.773Z","user_id":"6a117227038935029662fbfe"},{"id":"6a16e0be53916b0295ce055b","title":"Test123","description":"Note description","category":"Home","completed":false,"created_at":"2026-05-27T12:17:02.574Z","updated_at":"2026-05-27T12:17:02.574Z","user_id":"6a117227038935029662fbfe"},{"id":"6a16e0ac53916b0295ce04fc","title":"Hybrid Note","description":"Created from UI","category":"Home","completed":false,"created_at":"2026-05-27T12:16:44.562Z","updated_at":"2026-05-27T12:16:44.562Z","user_id":"6a117227038935029662fbfe"},{"id":"6a16e0ab53916b0295ce04f1","title":"Automation Note","description":"Created using Selenium","category":"Home","completed":false,"created_at":"2026-05-27T12:16:43.597Z","updated_at":"2026-05-27T12:16:43.597Z","user_id":"6a117227038935029662fbfe"},{"id":"6a16df7b53916b0295ce038a","title":"Test123","description":"Note description","category":"Home","completed":false,"created_at":"2026-05-27T12:11:39.708Z","updated_at":"2026-05-27T12:11:39.708Z","user_id":"6a117227038935029662fbfe"},{"id":"6a16df6e53916b0295ce0332","title":"Automation Note","description":"Created using Selenium","category":"Home","completed":false,"created_at":"2026-05-27T12:11:26.908Z","updated_at":"2026-05-27T12:11:26.908Z","user_id":"6a117227038935029662fbfe"},{"id":"6a16df6e53916b0295ce032e","title":"Hybrid Note","description":"Created from UI","category":"Home","completed":false,"created_at":"2026-05-27T12:11:26.763Z","updated_at":"2026-05-27T12:11:26.763Z","user_id":"6a117227038935029662fbfe"},{"id":"6a16dc8353916b0295cdfd7d","title":"Test123","description":"Note description","category":"Home","completed":false,"created_at":"2026-05-27T11:58:59.318Z","updated_at":"2026-05-27T11:58:59.318Z","user_id":"6a117227038935029662fbfe"},{"id":"6a16dc6a53916b0295cdfd14","title":"Hybrid Note","description":"Created from UI","category":"Home","completed":false,"created_at":"2026-05-27T11:58:34.451Z","updated_at":"2026-05-27T11:58:34.451Z","user_id":"6a117227038935029662fbfe"},{"id":"6a16dc6a53916b0295cdfd10","title":"Automation Note","description":"Created using Selenium","category":"Home","completed":false,"created_at":"2026-05-27T11:58:34.413Z","updated_at":"2026-05-27T11:58:34.413Z","user_id":"6a117227038935029662fbfe"},{"id":"6a1551ea53916b0295cce773","title":"Automation Note","description":"Created using Selenium","category":"Home","completed":false,"created_at":"2026-05-26T07:55:22.481Z","updated_at":"2026-05-26T07:55:22.481Z","user_id":"6a117227038935029662fbfe"},{"id":"6a140215038935029664bff7","title":"@#$%^&*","description":"Special chars test","category":"Home","completed":true,"created_at":"2026-05-25T08:02:29.783Z","updated_at":"2026-05-25T09:06:25.803Z","user_id":"6a117227038935029662fbfe"},{"id":"6a12ca44038935029663991b","title":"books","description":"reading rich dad poor dad","category":"Home","completed":false,"created_at":"2026-05-24T09:52:04.157Z","updated_at":"2026-05-24T09:52:04.157Z","user_id":"6a117227038935029662fbfe"}]}
]]></system-out>
  </testcase>
  <testcase name="verifyFieldMatchingAndNoteIdConsistency" classname="tests.e2e.NotesHybridTests" time="1.234">
    <system-out><![CDATA[STATUS CODE:
200
RESPONSE BODY:
{"success":true,"status":200,"message":"Login successful","data":{"id":"6a117227038935029662fbfe","name":"user1","email":"testuser1+1@gmail.com","token":"7f4e95853c284f6a917d0fa48e07b29b1c05e48ef06f461886071cd2d203b3de"}}
]]></system-out>
  </testcase>
  <testcase name="verifySuccessfulNoteDeletion" classname="tests.api.NotesDeleteApiTests" time="3.707">
    <system-out><![CDATA[{
    "success": true,
    "status": 200,
    "message": "Notes successfully retrieved",
    "data": [
        {
            "id": "6a16e2c853916b0295ce0897",
            "title": "Automation Note",
            "description": "Created using Selenium",
            "category": "Home",
            "completed": false,
            "created_at": "2026-05-27T12:25:44.327Z",
            "updated_at": "2026-05-27T12:25:44.327Z",
            "user_id": "6a117227038935029662fbfe"
        },
        {
            "id": "6a16e2c753916b0295ce0891",
            "title": "Hybrid Note",
            "description": "Created from UI",
            "category": "Home",
            "completed": false,
            "created_at": "2026-05-27T12:25:43.777Z",
            "updated_at": "2026-05-27T12:25:43.777Z",
            "user_id": "6a117227038935029662fbfe"
        },
        {
            "id": "6a16e0d953916b0295ce05b4",
            "title": "@#$%^&*",
            "description": "Special chars test",
            "category": "Home",
            "completed": false,
            "created_at": "2026-05-27T12:17:29.773Z",
            "updated_at": "2026-05-27T12:17:29.773Z",
            "user_id": "6a117227038935029662fbfe"
        },
        {
            "id": "6a16e0be53916b0295ce055b",
            "title": "Test123",
            "description": "Note description",
            "category": "Home",
            "completed": false,
            "created_at": "2026-05-27T12:17:02.574Z",
            "updated_at": "2026-05-27T12:17:02.574Z",
            "user_id": "6a117227038935029662fbfe"
        },
        {
            "id": "6a16e0ac53916b0295ce04fc",
            "title": "Hybrid Note",
            "description": "Created from UI",
            "category": "Home",
            "completed": false,
            "created_at": "2026-05-27T12:16:44.562Z",
            "updated_at": "2026-05-27T12:16:44.562Z",
            "user_id": "6a117227038935029662fbfe"
        },
        {
            "id": "6a16e0ab53916b0295ce04f1",
            "title": "Automation Note",
            "description": "Created using Selenium",
            "category": "Home",
            "completed": false,
            "created_at": "2026-05-27T12:16:43.597Z",
            "updated_at": "2026-05-27T12:16:43.597Z",
            "user_id": "6a117227038935029662fbfe"
        },
        {
            "id": "6a16df7b53916b0295ce038a",
            "title": "Test123",
            "description": "Note description",
            "category": "Home",
            "completed": false,
            "created_at": "2026-05-27T12:11:39.708Z",
            "updated_at": "2026-05-27T12:11:39.708Z",
            "user_id": "6a117227038935029662fbfe"
        },
        {
            "id": "6a16df6e53916b0295ce0332",
            "title": "Automation Note",
            "description": "Created using Selenium",
            "category": "Home",
            "completed": false,
            "created_at": "2026-05-27T12:11:26.908Z",
            "updated_at": "2026-05-27T12:11:26.908Z",
            "user_id": "6a117227038935029662fbfe"
        },
        {
            "id": "6a16df6e53916b0295ce032e",
            "title": "Hybrid Note",
            "description": "Created from UI",
            "category": "Home",
            "completed": false,
            "created_at": "2026-05-27T12:11:26.763Z",
            "updated_at": "2026-05-27T12:11:26.763Z",
            "user_id": "6a117227038935029662fbfe"
        },
        {
            "id": "6a16dc8353916b0295cdfd7d",
            "title": "Test123",
            "description": "Note description",
            "category": "Home",
            "completed": false,
            "created_at": "2026-05-27T11:58:59.318Z",
            "updated_at": "2026-05-27T11:58:59.318Z",
            "user_id": "6a117227038935029662fbfe"
        },
        {
            "id": "6a16dc6a53916b0295cdfd14",
            "title": "Hybrid Note",
            "description": "Created from UI",
            "category": "Home",
            "completed": false,
            "created_at": "2026-05-27T11:58:34.451Z",
            "updated_at": "2026-05-27T11:58:34.451Z",
            "user_id": "6a117227038935029662fbfe"
        },
        {
            "id": "6a16dc6a53916b0295cdfd10",
            "title": "Automation Note",
            "description": "Created using Selenium",
            "category": "Home",
            "completed": false,
            "created_at": "2026-05-27T11:58:34.413Z",
            "updated_at": "2026-05-27T11:58:34.413Z",
            "user_id": "6a117227038935029662fbfe"
        },
        {
            "id": "6a1551ea53916b0295cce773",
            "title": "Automation Note",
            "description": "Created using Selenium",
            "category": "Home",
            "completed": false,
            "created_at": "2026-05-26T07:55:22.481Z",
            "updated_at": "2026-05-26T07:55:22.481Z",
            "user_id": "6a117227038935029662fbfe"
        },
        {
            "id": "6a140215038935029664bff7",
            "title": "@#$%^&*",
            "description": "Special chars test",
            "category": "Home",
            "completed": true,
            "created_at": "2026-05-25T08:02:29.783Z",
            "updated_at": "2026-05-25T09:06:25.803Z",
            "user_id": "6a117227038935029662fbfe"
        },
        {
            "id": "6a12ca44038935029663991b",
            "title": "books",
            "description": "reading rich dad poor dad",
            "category": "Home",
            "completed": false,
            "created_at": "2026-05-24T09:52:04.157Z",
            "updated_at": "2026-05-24T09:52:04.157Z",
            "user_id": "6a117227038935029662fbfe"
        }
    ]
}
STATUS CODE:
200
RESPONSE BODY:
{"success":true,"status":200,"message":"Login successful","data":{"id":"6a117227038935029662fbfe","name":"user1","email":"testuser1+1@gmail.com","token":"7f4e95853c284f6a917d0fa48e07b29b1c05e48ef06f461886071cd2d203b3de"}}
]]></system-out>
    <system-err><![CDATA[May 27, 2026 5:55:47 PM org.openqa.selenium.devtools.CdpVersionFinder findNearestMatch
WARNING: Unable to find CDP implementation matching 148
May 27, 2026 5:55:47 PM org.openqa.selenium.chromium.ChromiumDriver lambda$new$5
WARNING: Unable to find version of CDP to use for 148.0.7778.179. You may need to include a dependency on a specific version of the CDP using something similar to `org.seleniumhq.selenium:selenium-devtools-v86:4.21.0` where the version ("v86") matches the version of the chromium-based browser you're using and the version number of the artifact is the same as Selenium's.
May 27, 2026 5:55:47 PM org.openqa.selenium.devtools.CdpVersionFinder findNearestMatch
WARNING: Unable to find CDP implementation matching 148
May 27, 2026 5:55:47 PM org.openqa.selenium.chromium.ChromiumDriver lambda$new$5
WARNING: Unable to find version of CDP to use for 148.0.7778.179. You may need to include a dependency on a specific version of the CDP using something similar to `org.seleniumhq.selenium:selenium-devtools-v86:4.21.0` where the version ("v86") matches the version of the chromium-based browser you're using and the version number of the artifact is the same as Selenium's.
]]></system-err>
  </testcase>
  <testcase name="verifyInvalidNoteIdDeletion" classname="tests.api.NotesDeleteApiTests" time="2.225">
    <system-out><![CDATA[STATUS CODE:
200
RESPONSE BODY:
{"success":true,"status":200,"message":"Login successful","data":{"id":"6a117227038935029662fbfe","name":"user1","email":"testuser1+1@gmail.com","token":"7f4e95853c284f6a917d0fa48e07b29b1c05e48ef06f461886071cd2d203b3de"}}
{"success":false,"status":400,"message":"Note ID must be a valid ID"}
]]></system-out>
  </testcase>
  <testcase name="verifyNoteCreation[Automation Note, Created using Selenium, valid](1)" classname="tests.ui.NotesUiTests" time="3.497"/>
  <testcase name="verifyNoteCreation[Test123, Note description, valid](2)" classname="tests.ui.NotesUiTests" time="46.995"/>
  <testcase name="verifyNoteCreation[, Some desc, emptyTitle](3)" classname="tests.ui.NotesUiTests" time="0.926">
    <system-err><![CDATA[May 27, 2026 5:56:59 PM org.openqa.selenium.devtools.CdpVersionFinder findNearestMatch
WARNING: Unable to find CDP implementation matching 148
May 27, 2026 5:56:59 PM org.openqa.selenium.chromium.ChromiumDriver lambda$new$5
WARNING: Unable to find version of CDP to use for 148.0.7778.179. You may need to include a dependency on a specific version of the CDP using something similar to `org.seleniumhq.selenium:selenium-devtools-v86:4.21.0` where the version ("v86") matches the version of the chromium-based browser you're using and the version number of the artifact is the same as Selenium's.
]]></system-err>
  </testcase>
  <testcase name="verifyNoteCreation[Title only, , emptyDescription](4)" classname="tests.ui.NotesUiTests" time="1.364"/>
  <testcase name="verifyNoteCreation[, , emptyAll](5)" classname="tests.ui.NotesUiTests" time="1.836">
    <system-err><![CDATA[May 27, 2026 5:57:09 PM org.openqa.selenium.devtools.CdpVersionFinder findNearestMatch
WARNING: Unable to find CDP implementation matching 148
May 27, 2026 5:57:09 PM org.openqa.selenium.chromium.ChromiumDriver lambda$new$5
WARNING: Unable to find version of CDP to use for 148.0.7778.179. You may need to include a dependency on a specific version of the CDP using something similar to `org.seleniumhq.selenium:selenium-devtools-v86:4.21.0` where the version ("v86") matches the version of the chromium-based browser you're using and the version number of the artifact is the same as Selenium's.
]]></system-err>
  </testcase>
  <testcase name="verifyNoteCreation[@#$%^&amp;*, Special chars test, specialChars](6)" classname="tests.ui.NotesUiTests" time="1.471">
    <system-err><![CDATA[May 27, 2026 5:57:15 PM org.openqa.selenium.devtools.CdpVersionFinder findNearestMatch
WARNING: Unable to find CDP implementation matching 148
May 27, 2026 5:57:15 PM org.openqa.selenium.chromium.ChromiumDriver lambda$new$5
WARNING: Unable to find version of CDP to use for 148.0.7778.179. You may need to include a dependency on a specific version of the CDP using something similar to `org.seleniumhq.selenium:selenium-devtools-v86:4.21.0` where the version ("v86") matches the version of the chromium-based browser you're using and the version number of the artifact is the same as Selenium's.
]]></system-err>
  </testcase>
  <testcase name="verifyApiResponseTime" classname="tests.api.NotesPerformanceApiTests" time="1.654">
    <system-out><![CDATA[STATUS CODE:
200
RESPONSE BODY:
{"success":true,"status":200,"message":"Login successful","data":{"id":"6a117227038935029662fbfe","name":"user1","email":"testuser1+1@gmail.com","token":"7f4e95853c284f6a917d0fa48e07b29b1c05e48ef06f461886071cd2d203b3de"}}
STATUS CODE:
200
RESPONSE BODY:
{"success":true,"status":200,"message":"Login successful","data":{"id":"6a117227038935029662fbfe","name":"user1","email":"testuser1+1@gmail.com","token":"7f4e95853c284f6a917d0fa48e07b29b1c05e48ef06f461886071cd2d203b3de"}}
{
    "success": true,
    "status": 200,
    "message": "Notes successfully retrieved",
    "data": [
        {
            "id": "6a16e2d653916b0295ce08d8",
            "title": "Delete Hybrid Note",
            "description": "Delete validation",
            "category": "Home",
            "completed": false,
            "created_at": "2026-05-27T12:25:58.155Z",
            "updated_at": "2026-05-27T12:25:58.155Z",
            "user_id": "6a117227038935029662fbfe"
        },
        {
            "id": "6a16e2c753916b0295ce0891",
            "title": "Hybrid Note",
            "description": "Created from UI",
            "category": "Home",
            "completed": false,
            "created_at": "2026-05-27T12:25:43.777Z",
            "updated_at": "2026-05-27T12:25:43.777Z",
            "user_id": "6a117227038935029662fbfe"
        },
        {
            "id": "6a16e0d953916b0295ce05b4",
            "title": "@#$%^&*",
            "description": "Special chars test",
            "category": "Home",
            "completed": false,
            "created_at": "2026-05-27T12:17:29.773Z",
            "updated_at": "2026-05-27T12:17:29.773Z",
            "user_id": "6a117227038935029662fbfe"
        },
        {
            "id": "6a16e0be53916b0295ce055b",
            "title": "Test123",
            "description": "Note description",
            "category": "Home",
            "completed": false,
            "created_at": "2026-05-27T12:17:02.574Z",
            "updated_at": "2026-05-27T12:17:02.574Z",
            "user_id": "6a117227038935029662fbfe"
        },
        {
            "id": "6a16e0ac53916b0295ce04fc",
            "title": "Hybrid Note",
            "description": "Created from UI",
            "category": "Home",
            "completed": false,
            "created_at": "2026-05-27T12:16:44.562Z",
            "updated_at": "2026-05-27T12:16:44.562Z",
            "user_id": "6a117227038935029662fbfe"
        },
        {
            "id": "6a16e0ab53916b0295ce04f1",
            "title": "Automation Note",
            "description": "Created using Selenium",
            "category": "Home",
            "completed": false,
            "created_at": "2026-05-27T12:16:43.597Z",
            "updated_at": "2026-05-27T12:16:43.597Z",
            "user_id": "6a117227038935029662fbfe"
        },
        {
            "id": "6a16df7b53916b0295ce038a",
            "title": "Test123",
            "description": "Note description",
            "category": "Home",
            "completed": false,
            "created_at": "2026-05-27T12:11:39.708Z",
            "updated_at": "2026-05-27T12:11:39.708Z",
            "user_id": "6a117227038935029662fbfe"
        },
        {
            "id": "6a16df6e53916b0295ce0332",
            "title": "Automation Note",
            "description": "Created using Selenium",
            "category": "Home",
            "completed": false,
            "created_at": "2026-05-27T12:11:26.908Z",
            "updated_at": "2026-05-27T12:11:26.908Z",
            "user_id": "6a117227038935029662fbfe"
        },
        {
            "id": "6a16df6e53916b0295ce032e",
            "title": "Hybrid Note",
            "description": "Created from UI",
            "category": "Home",
            "completed": false,
            "created_at": "2026-05-27T12:11:26.763Z",
            "updated_at": "2026-05-27T12:11:26.763Z",
            "user_id": "6a117227038935029662fbfe"
        },
        {
            "id": "6a16dc8353916b0295cdfd7d",
            "title": "Test123",
            "description": "Note description",
            "category": "Home",
            "completed": false,
            "created_at": "2026-05-27T11:58:59.318Z",
            "updated_at": "2026-05-27T11:58:59.318Z",
            "user_id": "6a117227038935029662fbfe"
        },
        {
            "id": "6a16dc6a53916b0295cdfd14",
            "title": "Hybrid Note",
            "description": "Created from UI",
            "category": "Home",
            "completed": false,
            "created_at": "2026-05-27T11:58:34.451Z",
            "updated_at": "2026-05-27T11:58:34.451Z",
            "user_id": "6a117227038935029662fbfe"
        },
        {
            "id": "6a16dc6a53916b0295cdfd10",
            "title": "Automation Note",
            "description": "Created using Selenium",
            "category": "Home",
            "completed": false,
            "created_at": "2026-05-27T11:58:34.413Z",
            "updated_at": "2026-05-27T11:58:34.413Z",
            "user_id": "6a117227038935029662fbfe"
        },
        {
            "id": "6a1551ea53916b0295cce773",
            "title": "Automation Note",
            "description": "Created using Selenium",
            "category": "Home",
            "completed": false,
            "created_at": "2026-05-26T07:55:22.481Z",
            "updated_at": "2026-05-26T07:55:22.481Z",
            "user_id": "6a117227038935029662fbfe"
        },
        {
            "id": "6a140215038935029664bff7",
            "title": "@#$%^&*",
            "description": "Special chars test",
            "category": "Home",
            "completed": true,
            "created_at": "2026-05-25T08:02:29.783Z",
            "updated_at": "2026-05-25T09:06:25.803Z",
            "user_id": "6a117227038935029662fbfe"
        },
        {
            "id": "6a12ca44038935029663991b",
            "title": "books",
            "description": "reading rich dad poor dad",
            "category": "Home",
            "completed": false,
            "created_at": "2026-05-24T09:52:04.157Z",
            "updated_at": "2026-05-24T09:52:04.157Z",
            "user_id": "6a117227038935029662fbfe"
        }
    ]
}
Actual API Response Time: 383 ms
]]></system-out>
    <system-err><![CDATA[May 27, 2026 5:55:59 PM org.openqa.selenium.devtools.CdpVersionFinder findNearestMatch
WARNING: Unable to find CDP implementation matching 148
May 27, 2026 5:55:59 PM org.openqa.selenium.chromium.ChromiumDriver lambda$new$5
WARNING: Unable to find version of CDP to use for 148.0.7778.179. You may need to include a dependency on a specific version of the CDP using something similar to `org.seleniumhq.selenium:selenium-devtools-v86:4.21.0` where the version ("v86") matches the version of the chromium-based browser you're using and the version number of the artifact is the same as Selenium's.
]]></system-err>
  </testcase>
  <testcase name="verifyApiStabilityDuringMultipleRequests" classname="tests.api.NotesPerformanceApiTests" time="9.944">
    <system-out><![CDATA[STATUS CODE:
200
RESPONSE BODY:
{"success":true,"status":200,"message":"Login successful","data":{"id":"6a117227038935029662fbfe","name":"user1","email":"testuser1+1@gmail.com","token":"7f4e95853c284f6a917d0fa48e07b29b1c05e48ef06f461886071cd2d203b3de"}}
Request 1 Status Code: 200
STATUS CODE:
200
RESPONSE BODY:
{"success":true,"status":200,"message":"Login successful","data":{"id":"6a117227038935029662fbfe","name":"user1","email":"testuser1+1@gmail.com","token":"7f4e95853c284f6a917d0fa48e07b29b1c05e48ef06f461886071cd2d203b3de"}}
Request 2 Status Code: 200
STATUS CODE:
200
RESPONSE BODY:
{"success":true,"status":200,"message":"Login successful","data":{"id":"6a117227038935029662fbfe","name":"user1","email":"testuser1+1@gmail.com","token":"7f4e95853c284f6a917d0fa48e07b29b1c05e48ef06f461886071cd2d203b3de"}}
Request 3 Status Code: 200
STATUS CODE:
200
RESPONSE BODY:
{"success":true,"status":200,"message":"Login successful","data":{"id":"6a117227038935029662fbfe","name":"user1","email":"testuser1+1@gmail.com","token":"7f4e95853c284f6a917d0fa48e07b29b1c05e48ef06f461886071cd2d203b3de"}}
Request 4 Status Code: 200
STATUS CODE:
200
RESPONSE BODY:
{"success":true,"status":200,"message":"Login successful","data":{"id":"6a117227038935029662fbfe","name":"user1","email":"testuser1+1@gmail.com","token":"7f4e95853c284f6a917d0fa48e07b29b1c05e48ef06f461886071cd2d203b3de"}}
Request 5 Status Code: 200
STATUS CODE:
200
RESPONSE BODY:
{"success":true,"status":200,"message":"Login successful","data":{"id":"6a117227038935029662fbfe","name":"user1","email":"testuser1+1@gmail.com","token":"7f4e95853c284f6a917d0fa48e07b29b1c05e48ef06f461886071cd2d203b3de"}}
Request 6 Status Code: 200
STATUS CODE:
200
RESPONSE BODY:
{"success":true,"status":200,"message":"Login successful","data":{"id":"6a117227038935029662fbfe","name":"user1","email":"testuser1+1@gmail.com","token":"7f4e95853c284f6a917d0fa48e07b29b1c05e48ef06f461886071cd2d203b3de"}}
Request 7 Status Code: 200
STATUS CODE:
200
RESPONSE BODY:
{"success":true,"status":200,"message":"Login successful","data":{"id":"6a117227038935029662fbfe","name":"user1","email":"testuser1+1@gmail.com","token":"7f4e95853c284f6a917d0fa48e07b29b1c05e48ef06f461886071cd2d203b3de"}}
Request 8 Status Code: 200
]]></system-out>
  </testcase>
  <testcase name="verifyDeletedNoteDisappearsFromUi" classname="tests.e2e.NotesDeletionHybridTests" time="48.75">
    <system-err><![CDATA[May 27, 2026 5:56:57 PM org.openqa.selenium.devtools.CdpVersionFinder findNearestMatch
WARNING: Unable to find CDP implementation matching 148
May 27, 2026 5:56:57 PM org.openqa.selenium.chromium.ChromiumDriver lambda$new$5
WARNING: Unable to find version of CDP to use for 148.0.7778.179. You may need to include a dependency on a specific version of the CDP using something similar to `org.seleniumhq.selenium:selenium-devtools-v86:4.21.0` where the version ("v86") matches the version of the chromium-based browser you're using and the version number of the artifact is the same as Selenium's.
]]></system-err>
  </testcase>
  <testcase name="verifyDeletedNoteDoesNotReappearAfterRefresh" classname="tests.e2e.NotesDeletionHybridTests" time="3.119">
    <system-err><![CDATA[May 27, 2026 5:57:04 PM org.openqa.selenium.devtools.CdpVersionFinder findNearestMatch
WARNING: Unable to find CDP implementation matching 148
May 27, 2026 5:57:04 PM org.openqa.selenium.chromium.ChromiumDriver lambda$new$5
WARNING: Unable to find version of CDP to use for 148.0.7778.179. You may need to include a dependency on a specific version of the CDP using something similar to `org.seleniumhq.selenium:selenium-devtools-v86:4.21.0` where the version ("v86") matches the version of the chromium-based browser you're using and the version number of the artifact is the same as Selenium's.
]]></system-err>
  </testcase>
</testsuite>