<?xml version="1.0" encoding="UTF-8"?>
<testsuite xmlns:xsi="http://www.w3.org/2001/XMLSchema-instance" xsi:noNamespaceSchemaLocation="https://maven.apache.org/surefire/maven-surefire-plugin/xsd/surefire-test-report-3.0.xsd" version="3.0" name="TestSuite" time="133.95" tests="20" errors="0" skipped="0" failures="0">
  <properties>
[...]
</properties>
  <testcase name="verifyUnauthorizedApiRequestHandling" classname="tests.api.UnauthorizedApiTests" time="4.823">
    <system-out><![CDATA[2026-05-28T06:53:58.510799Z TestNG-test-AllParallelTests-1 ERROR Error parsing C:\Users\pritn\Desktop\VScode projects\Sprint\automation-framework\target\test-classes\log4j2.xml org.xml.sax.SAXParseException; systemId: file:///C:/Users/pritn/Desktop/VScode%20projects/Sprint/automation-framework/target/test-classes/log4j2.xml; lineNumber: 1; columnNumber: 1; Premature end of file.
	at java.xml/com.sun.org.apache.xerces.internal.parsers.DOMParser.parse(DOMParser.java:262)
	at java.xml/com.sun.org.apache.xerces.internal.jaxp.DocumentBuilderImpl.parse(DocumentBuilderImpl.java:342)
	at org.apache.logging.log4j.core.config.xml.XmlConfiguration.<init>(XmlConfiguration.java:92)
	at org.apache.logging.log4j.core.config.xml.XmlConfigurationFactory.getConfiguration(XmlConfigurationFactory.java:46)
	at org.apache.logging.log4j.core.config.ConfigurationFactory$Factory.getConfiguration(ConfigurationFactory.java:544)
	at org.apache.logging.log4j.core.config.ConfigurationFactory$Factory.getConfiguration(ConfigurationFactory.java:463)
	at org.apache.logging.log4j.core.config.ConfigurationFactory.getConfiguration(ConfigurationFactory.java:321)
	at org.apache.logging.log4j.core.LoggerContext.reconfigure(LoggerContext.java:705)
	at org.apache.logging.log4j.core.LoggerContext.reconfigure(LoggerContext.java:735)
	at org.apache.logging.log4j.core.LoggerContext.start(LoggerContext.java:260)
	at org.apache.logging.log4j.core.impl.Log4jContextFactory.getContext(Log4jContextFactory.java:154)
	at org.apache.logging.log4j.core.impl.Log4jContextFactory.getContext(Log4jContextFactory.java:46)
	at org.apache.logging.log4j.LogManager.getContext(LogManager.java:197)
	at org.apache.logging.log4j.LogManager.getLogger(LogManager.java:611)
	at org.apache.poi.ooxml.POIXMLDocumentPart.<clinit>(POIXMLDocumentPart.java:56)
	at utils.ExcelUtils.getSheetData(ExcelUtils.java:22)
	at tests.ui.LoginTests.loginData(LoginTests.java:18)
	at java.base/jdk.internal.reflect.NativeMethodAccessorImpl.invoke0(Native Method)
	at java.base/jdk.internal.reflect.NativeMethodAccessorImpl.invoke(NativeMethodAccessorImpl.java:77)
	at java.base/jdk.internal.reflect.DelegatingMethodAccessorImpl.invoke(DelegatingMethodAccessorImpl.java:43)
	at java.base/java.lang.reflect.Method.invoke(Method.java:568)
	at org.testng.internal.invokers.MethodInvocationHelper.invokeMethod(MethodInvocationHelper.java:141)
	at org.testng.internal.invokers.MethodInvocationHelper.invokeMethod(MethodInvocationHelper.java:86)
	at org.testng.internal.invokers.MethodInvocationHelper.invokeMethodNoCheckedException(MethodInvocationHelper.java:54)
	at org.testng.internal.invokers.MethodInvocationHelper.invokeDataProvider(MethodInvocationHelper.java:159)
	at org.testng.internal.Parameters.handleParameters(Parameters.java:809)
	at org.testng.internal.Parameters.handleParameters(Parameters.java:734)
	at org.testng.internal.invokers.ParameterHandler.handleParameters(ParameterHandler.java:72)
	at org.testng.internal.invokers.ParameterHandler.createParameters(ParameterHandler.java:51)
	at org.testng.internal.invokers.TestInvoker$MethodInvocationAgent.invoke(TestInvoker.java:946)
	at org.testng.internal.invokers.TestInvoker.invokeTestMethods(TestInvoker.java:203)
	at org.testng.internal.invokers.TestMethodWorker.invokeTestMethods(TestMethodWorker.java:154)
	at org.testng.internal.invokers.TestMethodWorker.run(TestMethodWorker.java:134)
	at java.base/java.util.concurrent.Executors$RunnableAdapter.call(Executors.java:539)
	at java.base/java.util.concurrent.FutureTask.run(FutureTask.java:264)
	at org.testng.internal.thread.graph.TestNGFutureTask.run(TestNGFutureTask.java:22)
	at java.base/java.util.concurrent.ThreadPoolExecutor.runWorker(ThreadPoolExecutor.java:1136)
	at java.base/java.util.concurrent.ThreadPoolExecutor$Worker.run(ThreadPoolExecutor.java:635)
	at java.base/java.lang.Thread.run(Thread.java:840)

2026-05-28T06:53:58.510799Z TestNG-test-AllParallelTests-1 ERROR No logging configuration
STATUS CODE:
200
RESPONSE BODY:
{"success":true,"status":200,"message":"Login successful","data":{"id":"6a117227038935029662fbfe","name":"user1","email":"testuser1+1@gmail.com","token":"7f4e95853c284f6a917d0fa48e07b29b1c05e48ef06f461886071cd2d203b3de"}}
STATUS CODE:
401
RESPONSE BODY:
{"success":false,"status":401,"message":"No authentication token specified in x-auth-token header"}
]]></system-out>
    <system-err><![CDATA[SLF4J: Failed to load class "org.slf4j.impl.StaticLoggerBinder".
SLF4J: Defaulting to no-operation (NOP) logger implementation
SLF4J: See http://www.slf4j.org/codes.html#StaticLoggerBinder for further details.
[Fatal Error] log4j2.xml:1:1: Premature end of file.
]]></system-err>
  </testcase>
  <testcase name="verifyNewlyCreatedNoteAppearsInstantly" classname="tests.api.NotesApiTests" time="1.567">
    <system-out><![CDATA[STATUS CODE:
200
RESPONSE:
{
    "success": true,
    "status": 200,
    "message": "Notes successfully retrieved",
    "data": [
        {
            "id": "6a17e5f151ccbd0297d3dc7d",
            "title": "@#$%^&*",
            "description": "Special chars test",
            "category": "Home",
            "completed": false,
            "created_at": "2026-05-28T06:51:29.090Z",
            "updated_at": "2026-05-28T06:51:29.090Z",
            "user_id": "6a117227038935029662fbfe"
        },
        {
            "id": "6a17e5c551ccbd0297d3dc43",
            "title": "Test123_1779951043843",
            "description": "Note description",
            "category": "Home",
            "completed": false,
            "created_at": "2026-05-28T06:50:45.851Z",
            "updated_at": "2026-05-28T06:50:45.851Z",
            "user_id": "6a117227038935029662fbfe"
        },
        {
            "id": "6a17e58f51ccbd0297d3dbd8",
            "title": "Hybrid_Note_1779950962085",
            "description": "Created from UI",
            "category": "Home",
            "completed": false,
            "created_at": "2026-05-28T06:49:51.692Z",
            "updated_at": "2026-05-28T06:49:51.692Z",
            "user_id": "6a117227038935029662fbfe"
        },
        {
            "id": "6a17e58651ccbd0297d3dbc2",
            "title": "Automation Note_1779950977705",
            "description": "Created using Selenium",
            "category": "Home",
            "completed": false,
            "created_at": "2026-05-28T06:49:42.554Z",
            "updated_at": "2026-05-28T06:49:42.554Z",
            "user_id": "6a117227038935029662fbfe"
        },
        {
            "id": "6a17e45751ccbd0297d3da7d",
            "title": "Test123_1779950677657",
            "description": "Note description",
            "category": "Home",
            "completed": false,
            "created_at": "2026-05-28T06:44:39.659Z",
            "updated_at": "2026-05-28T06:44:39.659Z",
            "user_id": "6a117227038935029662fbfe"
        },
        {
            "id": "6a17e43f51ccbd0297d3da13",
            "title": "Automation Note_1779950652412",
            "description": "Created using Selenium",
            "category": "Home",
            "completed": false,
            "created_at": "2026-05-28T06:44:15.051Z",
            "updated_at": "2026-05-28T06:44:15.051Z",
            "user_id": "6a117227038935029662fbfe"
        },
        {
            "id": "6a17e43a51ccbd0297d3d9fd",
            "title": "Hybrid_Note_1779950633171",
            "description": "Created from UI",
            "category": "Home",
            "completed": false,
            "created_at": "2026-05-28T06:44:10.642Z",
            "updated_at": "2026-05-28T06:44:10.642Z",
            "user_id": "6a117227038935029662fbfe"
        },
        {
            "id": "6a179c7751ccbd0297d39434",
            "title": "Test123_1779932277186",
            "description": "Note description",
            "category": "Home",
            "completed": false,
            "created_at": "2026-05-28T01:37:59.054Z",
            "updated_at": "2026-05-28T01:37:59.054Z",
            "user_id": "6a117227038935029662fbfe"
        },
        {
            "id": "6a179c0a51ccbd0297d393ed",
            "title": "Hybrid_Note_1779932134102",
            "description": "Created from UI",
            "category": "Home",
            "completed": false,
            "created_at": "2026-05-28T01:36:10.527Z",
            "updated_at": "2026-05-28T01:36:10.527Z",
            "user_id": "6a117227038935029662fbfe"
        },
        {
            "id": "6a179c0351ccbd0297d393df",
            "title": "DeleteNote_1779932134113",
            "description": "Delete validation",
            "category": "Home",
            "completed": false,
            "created_at": "2026-05-28T01:36:03.065Z",
            "updated_at": "2026-05-28T01:36:03.065Z",
            "user_id": "6a117227038935029662fbfe"
        },
        {
            "id": "6a17998251ccbd0297d3939d",
            "title": "Test123_1779931520052",
            "description": "Note description",
            "category": "Home",
            "completed": false,
            "created_at": "2026-05-28T01:25:22.064Z",
            "updated_at": "2026-05-28T01:25:22.064Z",
            "user_id": "6a117227038935029662fbfe"
        },
        {
            "id": "6a17994251ccbd0297d3934d",
            "title": "Automation Note_1779931453754",
            "description": "Created using Selenium",
            "category": "Home",
            "completed": false,
            "created_at": "2026-05-28T01:24:18.028Z",
            "updated_at": "2026-05-28T01:24:18.028Z",
            "user_id": "6a117227038935029662fbfe"
        },
        {
            "id": "6a17993d51ccbd0297d39341",
            "title": "Hybrid_Note_1779931436551",
            "description": "Created from UI",
            "category": "Home",
            "completed": false,
            "created_at": "2026-05-28T01:24:13.372Z",
            "updated_at": "2026-05-28T01:24:13.372Z",
            "user_id": "6a117227038935029662fbfe"
        },
        {
            "id": "6a17956551ccbd0297d392e5",
            "title": "Test123_1779930468010",
            "description": "Note description",
            "category": "Home",
            "completed": false,
            "created_at": "2026-05-28T01:07:49.909Z",
            "updated_at": "2026-05-28T01:07:49.909Z",
            "user_id": "6a117227038935029662fbfe"
        },
        {
            "id": "6a17951451ccbd0297d39295",
            "title": "Automation Note_1779930385635",
            "description": "Created using Selenium",
            "category": "Home",
            "completed": false,
            "created_at": "2026-05-28T01:06:28.120Z",
            "updated_at": "2026-05-28T01:06:28.120Z",
            "user_id": "6a117227038935029662fbfe"
        },
        {
            "id": "6a17951351ccbd0297d39290",
            "title": "Hybrid_Note_1779930372257",
            "description": "Created from UI",
            "category": "Home",
            "completed": false,
            "created_at": "2026-05-28T01:06:27.191Z",
            "updated_at": "2026-05-28T01:06:27.191Z",
            "user_id": "6a117227038935029662fbfe"
        },
        {
            "id": "6a17927551ccbd0297d39238",
            "title": "DeleteNote_1779929671297",
            "description": "Delete validation",
            "category": "Home",
            "completed": false,
            "created_at": "2026-05-28T00:55:17.360Z",
            "updated_at": "2026-05-28T00:55:17.360Z",
            "user_id": "6a117227038935029662fbfe"
        },
        {
            "id": "6a17925751ccbd0297d39202",
            "title": "Automation Note_1779929683558",
            "description": "Created using Selenium",
            "category": "Home",
            "completed": false,
            "created_at": "2026-05-28T00:54:47.142Z",
            "updated_at": "2026-05-28T00:54:47.142Z",
            "user_id": "6a117227038935029662fbfe"
        },
        {
            "id": "6a17925651ccbd0297d391fb",
            "title": "Hybrid_Note_1779929671287",
            "description": "Created from UI",
            "category": "Home",
            "completed": false,
            "created_at": "2026-05-28T00:54:46.071Z",
            "updated_at": "2026-05-28T00:54:46.071Z",
            "user_id": "6a117227038935029662fbfe"
        },
        {
            "id": "6a178f3d51ccbd0297d39191",
            "title": "Test123_1779928891490",
            "description": "Note description",
            "category": "Home",
            "completed": false,
            "created_at": "2026-05-28T00:41:33.274Z",
            "updated_at": "2026-05-28T00:41:33.274Z",
            "user_id": "6a117227038935029662fbfe"
        },
        {
            "id": "6a178efe51ccbd0297d3913e",
            "title": "Automation Note_1779928828006",
            "description": "Created using Selenium",
            "category": "Home",
            "completed": false,
            "created_at": "2026-05-28T00:40:30.225Z",
            "updated_at": "2026-05-28T00:40:30.225Z",
            "user_id": "6a117227038935029662fbfe"
        },
        {
            "id": "6a178efd51ccbd0297d3913a",
            "title": "Hybrid_Note_1779928818337",
            "description": "Created from UI",
            "category": "Home",
            "completed": false,
            "created_at": "2026-05-28T00:40:29.798Z",
            "updated_at": "2026-05-28T00:40:29.798Z",
            "user_id": "6a117227038935029662fbfe"
        },
        {
            "id": "6a178ab751ccbd0297d39061",
            "title": "Test123_1779927734112",
            "description": "Note description",
            "category": "Home",
            "completed": false,
            "created_at": "2026-05-28T00:22:15.846Z",
            "updated_at": "2026-05-28T00:22:15.846Z",
            "user_id": "6a117227038935029662fbfe"
        },
        {
            "id": "6a1785e351ccbd0297d38f4a",
            "title": "Test123",
            "description": "Note description",
            "category": "Home",
            "completed": false,
            "created_at": "2026-05-28T00:01:39.398Z",
            "updated_at": "2026-05-28T00:01:39.398Z",
            "user_id": "6a117227038935029662fbfe"
        },
        {
            "id": "6a1551ea53916b0295cce773",
            "title": "Automation Note",
            "description": "Created using Selenium",
            "category": "Home",
            "completed": false,
            "created_at": "2026-05-26T07:55:22.481Z",
            "updated_at": "2026-05-26T07:55:22.481Z",
            "user_id": "6a117227038935029662fbfe"
        },
        {
            "id": "6a140215038935029664bff7",
            "title": "@#$%^&*",
            "description": "Special chars test",
            "category": "Home",
            "completed": true,
            "created_at": "2026-05-25T08:02:29.783Z",
            "updated_at": "2026-05-25T09:06:25.803Z",
            "user_id": "6a117227038935029662fbfe"
        },
        {
            "id": "6a12ca44038935029663991b",
            "title": "books",
            "description": "reading rich dad poor dad",
            "category": "Home",
            "completed": false,
            "created_at": "2026-05-24T09:52:04.157Z",
            "updated_at": "2026-05-24T09:52:04.157Z",
            "user_id": "6a117227038935029662fbfe"
        }
    ]
}
]]></system-out>
    <system-err><![CDATA[May 28, 2026 12:24:04 PM org.openqa.selenium.devtools.CdpVersionFinder findNearestMatch
WARNING: Unable to find CDP implementation matching 148
May 28, 2026 12:24:04 PM org.openqa.selenium.devtools.CdpVersionFinder findNearestMatch
WARNING: Unable to find CDP implementation matching 148
May 28, 2026 12:24:04 PM org.openqa.selenium.devtools.CdpVersionFinder findNearestMatch
WARNING: Unable to find CDP implementation matching 148
May 28, 2026 12:24:04 PM org.openqa.selenium.chromium.ChromiumDriver lambda$new$5
WARNING: Unable to find version of CDP to use for 148.0.7778.179. You may need to include a dependency on a specific version of the CDP using something similar to `org.seleniumhq.selenium:selenium-devtools-v86:4.21.0` where the version ("v86") matches the version of the chromium-based browser you're using and the version number of the artifact is the same as Selenium's.
May 28, 2026 12:24:04 PM org.openqa.selenium.chromium.ChromiumDriver lambda$new$5
WARNING: Unable to find version of CDP to use for 148.0.7778.179. You may need to include a dependency on a specific version of the CDP using something similar to `org.seleniumhq.selenium:selenium-devtools-v86:4.21.0` where the version ("v86") matches the version of the chromium-based browser you're using and the version number of the artifact is the same as Selenium's.
May 28, 2026 12:24:04 PM org.openqa.selenium.chromium.ChromiumDriver lambda$new$5
WARNING: Unable to find version of CDP to use for 148.0.7778.179. You may need to include a dependency on a specific version of the CDP using something similar to `org.seleniumhq.selenium:selenium-devtools-v86:4.21.0` where the version ("v86") matches the version of the chromium-based browser you're using and the version number of the artifact is the same as Selenium's.
]]></system-err>
  </testcase>
  <testcase name="verifyNoteVisibilityAfterRefresh" classname="tests.api.NotesApiTests" time="0.921">
    <system-out><![CDATA[STATUS CODE:
200
RESPONSE BODY:
{"success":true,"status":200,"message":"Login successful","data":{"id":"6a117227038935029662fbfe","name":"user1","email":"testuser1+1@gmail.com","token":"7f4e95853c284f6a917d0fa48e07b29b1c05e48ef06f461886071cd2d203b3de"}}
STATUS CODE:
200
RESPONSE:
{
    "success": true,
    "status": 200,
    "message": "Notes successfully retrieved",
    "data": [
        {
            "id": "6a17e5f151ccbd0297d3dc7d",
            "title": "@#$%^&*",
            "description": "Special chars test",
            "category": "Home",
            "completed": false,
            "created_at": "2026-05-28T06:51:29.090Z",
            "updated_at": "2026-05-28T06:51:29.090Z",
            "user_id": "6a117227038935029662fbfe"
        },
        {
            "id": "6a17e5c551ccbd0297d3dc43",
            "title": "Test123_1779951043843",
            "description": "Note description",
            "category": "Home",
            "completed": false,
            "created_at": "2026-05-28T06:50:45.851Z",
            "updated_at": "2026-05-28T06:50:45.851Z",
            "user_id": "6a117227038935029662fbfe"
        },
        {
            "id": "6a17e58f51ccbd0297d3dbd8",
            "title": "Hybrid_Note_1779950962085",
            "description": "Created from UI",
            "category": "Home",
            "completed": false,
            "created_at": "2026-05-28T06:49:51.692Z",
            "updated_at": "2026-05-28T06:49:51.692Z",
            "user_id": "6a117227038935029662fbfe"
        },
        {
            "id": "6a17e58651ccbd0297d3dbc2",
            "title": "Automation Note_1779950977705",
            "description": "Created using Selenium",
            "category": "Home",
            "completed": false,
            "created_at": "2026-05-28T06:49:42.554Z",
            "updated_at": "2026-05-28T06:49:42.554Z",
            "user_id": "6a117227038935029662fbfe"
        },
        {
            "id": "6a17e45751ccbd0297d3da7d",
            "title": "Test123_1779950677657",
            "description": "Note description",
            "category": "Home",
            "completed": false,
            "created_at": "2026-05-28T06:44:39.659Z",
            "updated_at": "2026-05-28T06:44:39.659Z",
            "user_id": "6a117227038935029662fbfe"
        },
        {
            "id": "6a17e43f51ccbd0297d3da13",
            "title": "Automation Note_1779950652412",
            "description": "Created using Selenium",
            "category": "Home",
            "completed": false,
            "created_at": "2026-05-28T06:44:15.051Z",
            "updated_at": "2026-05-28T06:44:15.051Z",
            "user_id": "6a117227038935029662fbfe"
        },
        {
            "id": "6a17e43a51ccbd0297d3d9fd",
            "title": "Hybrid_Note_1779950633171",
            "description": "Created from UI",
            "category": "Home",
            "completed": false,
            "created_at": "2026-05-28T06:44:10.642Z",
            "updated_at": "2026-05-28T06:44:10.642Z",
            "user_id": "6a117227038935029662fbfe"
        },
        {
            "id": "6a179c7751ccbd0297d39434",
            "title": "Test123_1779932277186",
            "description": "Note description",
            "category": "Home",
            "completed": false,
            "created_at": "2026-05-28T01:37:59.054Z",
            "updated_at": "2026-05-28T01:37:59.054Z",
            "user_id": "6a117227038935029662fbfe"
        },
        {
            "id": "6a179c0a51ccbd0297d393ed",
            "title": "Hybrid_Note_1779932134102",
            "description": "Created from UI",
            "category": "Home",
            "completed": false,
            "created_at": "2026-05-28T01:36:10.527Z",
            "updated_at": "2026-05-28T01:36:10.527Z",
            "user_id": "6a117227038935029662fbfe"
        },
        {
            "id": "6a179c0351ccbd0297d393df",
            "title": "DeleteNote_1779932134113",
            "description": "Delete validation",
            "category": "Home",
            "completed": false,
            "created_at": "2026-05-28T01:36:03.065Z",
            "updated_at": "2026-05-28T01:36:03.065Z",
            "user_id": "6a117227038935029662fbfe"
        },
        {
            "id": "6a17998251ccbd0297d3939d",
            "title": "Test123_1779931520052",
            "description": "Note description",
            "category": "Home",
            "completed": false,
            "created_at": "2026-05-28T01:25:22.064Z",
            "updated_at": "2026-05-28T01:25:22.064Z",
            "user_id": "6a117227038935029662fbfe"
        },
        {
            "id": "6a17994251ccbd0297d3934d",
            "title": "Automation Note_1779931453754",
            "description": "Created using Selenium",
            "category": "Home",
            "completed": false,
            "created_at": "2026-05-28T01:24:18.028Z",
            "updated_at": "2026-05-28T01:24:18.028Z",
            "user_id": "6a117227038935029662fbfe"
        },
        {
            "id": "6a17993d51ccbd0297d39341",
            "title": "Hybrid_Note_1779931436551",
            "description": "Created from UI",
            "category": "Home",
            "completed": false,
            "created_at": "2026-05-28T01:24:13.372Z",
            "updated_at": "2026-05-28T01:24:13.372Z",
            "user_id": "6a117227038935029662fbfe"
        },
        {
            "id": "6a17956551ccbd0297d392e5",
            "title": "Test123_1779930468010",
            "description": "Note description",
            "category": "Home",
            "completed": false,
            "created_at": "2026-05-28T01:07:49.909Z",
            "updated_at": "2026-05-28T01:07:49.909Z",
            "user_id": "6a117227038935029662fbfe"
        },
        {
            "id": "6a17951451ccbd0297d39295",
            "title": "Automation Note_1779930385635",
            "description": "Created using Selenium",
            "category": "Home",
            "completed": false,
            "created_at": "2026-05-28T01:06:28.120Z",
            "updated_at": "2026-05-28T01:06:28.120Z",
            "user_id": "6a117227038935029662fbfe"
        },
        {
            "id": "6a17951351ccbd0297d39290",
            "title": "Hybrid_Note_1779930372257",
            "description": "Created from UI",
            "category": "Home",
            "completed": false,
            "created_at": "2026-05-28T01:06:27.191Z",
            "updated_at": "2026-05-28T01:06:27.191Z",
            "user_id": "6a117227038935029662fbfe"
        },
        {
            "id": "6a17927551ccbd0297d39238",
            "title": "DeleteNote_1779929671297",
            "description": "Delete validation",
            "category": "Home",
            "completed": false,
            "created_at": "2026-05-28T00:55:17.360Z",
            "updated_at": "2026-05-28T00:55:17.360Z",
            "user_id": "6a117227038935029662fbfe"
        },
        {
            "id": "6a17925751ccbd0297d39202",
            "title": "Automation Note_1779929683558",
            "description": "Created using Selenium",
            "category": "Home",
            "completed": false,
            "created_at": "2026-05-28T00:54:47.142Z",
            "updated_at": "2026-05-28T00:54:47.142Z",
            "user_id": "6a117227038935029662fbfe"
        },
        {
            "id": "6a17925651ccbd0297d391fb",
            "title": "Hybrid_Note_1779929671287",
            "description": "Created from UI",
            "category": "Home",
            "completed": false,
            "created_at": "2026-05-28T00:54:46.071Z",
            "updated_at": "2026-05-28T00:54:46.071Z",
            "user_id": "6a117227038935029662fbfe"
        },
        {
            "id": "6a178f3d51ccbd0297d39191",
            "title": "Test123_1779928891490",
            "description": "Note description",
            "category": "Home",
            "completed": false,
            "created_at": "2026-05-28T00:41:33.274Z",
            "updated_at": "2026-05-28T00:41:33.274Z",
            "user_id": "6a117227038935029662fbfe"
        },
        {
            "id": "6a178efe51ccbd0297d3913e",
            "title": "Automation Note_1779928828006",
            "description": "Created using Selenium",
            "category": "Home",
            "completed": false,
            "created_at": "2026-05-28T00:40:30.225Z",
            "updated_at": "2026-05-28T00:40:30.225Z",
            "user_id": "6a117227038935029662fbfe"
        },
        {
            "id": "6a178efd51ccbd0297d3913a",
            "title": "Hybrid_Note_1779928818337",
            "description": "Created from UI",
            "category": "Home",
            "completed": false,
            "created_at": "2026-05-28T00:40:29.798Z",
            "updated_at": "2026-05-28T00:40:29.798Z",
            "user_id": "6a117227038935029662fbfe"
        },
        {
            "id": "6a178ab751ccbd0297d39061",
            "title": "Test123_1779927734112",
            "description": "Note description",
            "category": "Home",
            "completed": false,
            "created_at": "2026-05-28T00:22:15.846Z",
            "updated_at": "2026-05-28T00:22:15.846Z",
            "user_id": "6a117227038935029662fbfe"
        },
        {
            "id": "6a1785e351ccbd0297d38f4a",
            "title": "Test123",
            "description": "Note description",
            "category": "Home",
            "completed": false,
            "created_at": "2026-05-28T00:01:39.398Z",
            "updated_at": "2026-05-28T00:01:39.398Z",
            "user_id": "6a117227038935029662fbfe"
        },
        {
            "id": "6a1551ea53916b0295cce773",
            "title": "Automation Note",
            "description": "Created using Selenium",
            "category": "Home",
            "completed": false,
            "created_at": "2026-05-26T07:55:22.481Z",
            "updated_at": "2026-05-26T07:55:22.481Z",
            "user_id": "6a117227038935029662fbfe"
        },
        {
            "id": "6a140215038935029664bff7",
            "title": "@#$%^&*",
            "description": "Special chars test",
            "category": "Home",
            "completed": true,
            "created_at": "2026-05-25T08:02:29.783Z",
            "updated_at": "2026-05-25T09:06:25.803Z",
            "user_id": "6a117227038935029662fbfe"
        },
        {
            "id": "6a12ca44038935029663991b",
            "title": "books",
            "description": "reading rich dad poor dad",
            "category": "Home",
            "completed": false,
            "created_at": "2026-05-24T09:52:04.157Z",
            "updated_at": "2026-05-24T09:52:04.157Z",
            "user_id": "6a117227038935029662fbfe"
        }
    ]
}
]]></system-out>
  </testcase>
  <testcase name="verifySuccessfulNoteDeletion" classname="tests.api.NotesDeleteApiTests" time="5.586">
    <system-out><![CDATA[STATUS CODE:
200
RESPONSE BODY:
{"success":true,"status":200,"message":"Login successful","data":{"id":"6a117227038935029662fbfe","name":"user1","email":"testuser1+1@gmail.com","token":"7f4e95853c284f6a917d0fa48e07b29b1c05e48ef06f461886071cd2d203b3de"}}
{
    "success": true,
    "status": 200,
    "message": "Notes successfully retrieved",
    "data": [
        {
            "id": "6a17e5f151ccbd0297d3dc7d",
            "title": "@#$%^&*",
            "description": "Special chars test",
            "category": "Home",
            "completed": false,
            "created_at": "2026-05-28T06:51:29.090Z",
            "updated_at": "2026-05-28T06:51:29.090Z",
            "user_id": "6a117227038935029662fbfe"
        },
        {
            "id": "6a17e5c551ccbd0297d3dc43",
            "title": "Test123_1779951043843",
            "description": "Note description",
            "category": "Home",
            "completed": false,
            "created_at": "2026-05-28T06:50:45.851Z",
            "updated_at": "2026-05-28T06:50:45.851Z",
            "user_id": "6a117227038935029662fbfe"
        },
        {
            "id": "6a17e58f51ccbd0297d3dbd8",
            "title": "Hybrid_Note_1779950962085",
            "description": "Created from UI",
            "category": "Home",
            "completed": false,
            "created_at": "2026-05-28T06:49:51.692Z",
            "updated_at": "2026-05-28T06:49:51.692Z",
            "user_id": "6a117227038935029662fbfe"
        },
        {
            "id": "6a17e58651ccbd0297d3dbc2",
            "title": "Automation Note_1779950977705",
            "description": "Created using Selenium",
            "category": "Home",
            "completed": false,
            "created_at": "2026-05-28T06:49:42.554Z",
            "updated_at": "2026-05-28T06:49:42.554Z",
            "user_id": "6a117227038935029662fbfe"
        },
        {
            "id": "6a17e45751ccbd0297d3da7d",
            "title": "Test123_1779950677657",
            "description": "Note description",
            "category": "Home",
            "completed": false,
            "created_at": "2026-05-28T06:44:39.659Z",
            "updated_at": "2026-05-28T06:44:39.659Z",
            "user_id": "6a117227038935029662fbfe"
        },
        {
            "id": "6a17e43f51ccbd0297d3da13",
            "title": "Automation Note_1779950652412",
            "description": "Created using Selenium",
            "category": "Home",
            "completed": false,
            "created_at": "2026-05-28T06:44:15.051Z",
            "updated_at": "2026-05-28T06:44:15.051Z",
            "user_id": "6a117227038935029662fbfe"
        },
        {
            "id": "6a17e43a51ccbd0297d3d9fd",
            "title": "Hybrid_Note_1779950633171",
            "description": "Created from UI",
            "category": "Home",
            "completed": false,
            "created_at": "2026-05-28T06:44:10.642Z",
            "updated_at": "2026-05-28T06:44:10.642Z",
            "user_id": "6a117227038935029662fbfe"
        },
        {
            "id": "6a179c7751ccbd0297d39434",
            "title": "Test123_1779932277186",
            "description": "Note description",
            "category": "Home",
            "completed": false,
            "created_at": "2026-05-28T01:37:59.054Z",
            "updated_at": "2026-05-28T01:37:59.054Z",
            "user_id": "6a117227038935029662fbfe"
        },
        {
            "id": "6a179c0a51ccbd0297d393ed",
            "title": "Hybrid_Note_1779932134102",
            "description": "Created from UI",
            "category": "Home",
            "completed": false,
            "created_at": "2026-05-28T01:36:10.527Z",
            "updated_at": "2026-05-28T01:36:10.527Z",
            "user_id": "6a117227038935029662fbfe"
        },
        {
            "id": "6a179c0351ccbd0297d393df",
            "title": "DeleteNote_1779932134113",
            "description": "Delete validation",
            "category": "Home",
            "completed": false,
            "created_at": "2026-05-28T01:36:03.065Z",
            "updated_at": "2026-05-28T01:36:03.065Z",
            "user_id": "6a117227038935029662fbfe"
        },
        {
            "id": "6a17998251ccbd0297d3939d",
            "title": "Test123_1779931520052",
            "description": "Note description",
            "category": "Home",
            "completed": false,
            "created_at": "2026-05-28T01:25:22.064Z",
            "updated_at": "2026-05-28T01:25:22.064Z",
            "user_id": "6a117227038935029662fbfe"
        },
        {
            "id": "6a17994251ccbd0297d3934d",
            "title": "Automation Note_1779931453754",
            "description": "Created using Selenium",
            "category": "Home",
            "completed": false,
            "created_at": "2026-05-28T01:24:18.028Z",
            "updated_at": "2026-05-28T01:24:18.028Z",
            "user_id": "6a117227038935029662fbfe"
        },
        {
            "id": "6a17993d51ccbd0297d39341",
            "title": "Hybrid_Note_1779931436551",
            "description": "Created from UI",
            "category": "Home",
            "completed": false,
            "created_at": "2026-05-28T01:24:13.372Z",
            "updated_at": "2026-05-28T01:24:13.372Z",
            "user_id": "6a117227038935029662fbfe"
        },
        {
            "id": "6a17956551ccbd0297d392e5",
            "title": "Test123_1779930468010",
            "description": "Note description",
            "category": "Home",
            "completed": false,
            "created_at": "2026-05-28T01:07:49.909Z",
            "updated_at": "2026-05-28T01:07:49.909Z",
            "user_id": "6a117227038935029662fbfe"
        },
        {
            "id": "6a17951451ccbd0297d39295",
            "title": "Automation Note_1779930385635",
            "description": "Created using Selenium",
            "category": "Home",
            "completed": false,
            "created_at": "2026-05-28T01:06:28.120Z",
            "updated_at": "2026-05-28T01:06:28.120Z",
            "user_id": "6a117227038935029662fbfe"
        },
        {
            "id": "6a17951351ccbd0297d39290",
            "title": "Hybrid_Note_1779930372257",
            "description": "Created from UI",
            "category": "Home",
            "completed": false,
            "created_at": "2026-05-28T01:06:27.191Z",
            "updated_at": "2026-05-28T01:06:27.191Z",
            "user_id": "6a117227038935029662fbfe"
        },
        {
            "id": "6a17927551ccbd0297d39238",
            "title": "DeleteNote_1779929671297",
            "description": "Delete validation",
            "category": "Home",
            "completed": false,
            "created_at": "2026-05-28T00:55:17.360Z",
            "updated_at": "2026-05-28T00:55:17.360Z",
            "user_id": "6a117227038935029662fbfe"
        },
        {
            "id": "6a17925751ccbd0297d39202",
            "title": "Automation Note_1779929683558",
            "description": "Created using Selenium",
            "category": "Home",
            "completed": false,
            "created_at": "2026-05-28T00:54:47.142Z",
            "updated_at": "2026-05-28T00:54:47.142Z",
            "user_id": "6a117227038935029662fbfe"
        },
        {
            "id": "6a17925651ccbd0297d391fb",
            "title": "Hybrid_Note_1779929671287",
            "description": "Created from UI",
            "category": "Home",
            "completed": false,
            "created_at": "2026-05-28T00:54:46.071Z",
            "updated_at": "2026-05-28T00:54:46.071Z",
            "user_id": "6a117227038935029662fbfe"
        },
        {
            "id": "6a178f3d51ccbd0297d39191",
            "title": "Test123_1779928891490",
            "description": "Note description",
            "category": "Home",
            "completed": false,
            "created_at": "2026-05-28T00:41:33.274Z",
            "updated_at": "2026-05-28T00:41:33.274Z",
            "user_id": "6a117227038935029662fbfe"
        },
        {
            "id": "6a178efe51ccbd0297d3913e",
            "title": "Automation Note_1779928828006",
            "description": "Created using Selenium",
            "category": "Home",
            "completed": false,
            "created_at": "2026-05-28T00:40:30.225Z",
            "updated_at": "2026-05-28T00:40:30.225Z",
            "user_id": "6a117227038935029662fbfe"
        },
        {
            "id": "6a178efd51ccbd0297d3913a",
            "title": "Hybrid_Note_1779928818337",
            "description": "Created from UI",
            "category": "Home",
            "completed": false,
            "created_at": "2026-05-28T00:40:29.798Z",
            "updated_at": "2026-05-28T00:40:29.798Z",
            "user_id": "6a117227038935029662fbfe"
        },
        {
            "id": "6a178ab751ccbd0297d39061",
            "title": "Test123_1779927734112",
            "description": "Note description",
            "category": "Home",
            "completed": false,
            "created_at": "2026-05-28T00:22:15.846Z",
            "updated_at": "2026-05-28T00:22:15.846Z",
            "user_id": "6a117227038935029662fbfe"
        },
        {
            "id": "6a1785e351ccbd0297d38f4a",
            "title": "Test123",
            "description": "Note description",
            "category": "Home",
            "completed": false,
            "created_at": "2026-05-28T00:01:39.398Z",
            "updated_at": "2026-05-28T00:01:39.398Z",
            "user_id": "6a117227038935029662fbfe"
        },
        {
            "id": "6a1551ea53916b0295cce773",
            "title": "Automation Note",
            "description": "Created using Selenium",
            "category": "Home",
            "completed": false,
            "created_at": "2026-05-26T07:55:22.481Z",
            "updated_at": "2026-05-26T07:55:22.481Z",
            "user_id": "6a117227038935029662fbfe"
        },
        {
            "id": "6a140215038935029664bff7",
            "title": "@#$%^&*",
            "description": "Special chars test",
            "category": "Home",
            "completed": true,
            "created_at": "2026-05-25T08:02:29.783Z",
            "updated_at": "2026-05-25T09:06:25.803Z",
            "user_id": "6a117227038935029662fbfe"
        },
        {
            "id": "6a12ca44038935029663991b",
            "title": "books",
            "description": "reading rich dad poor dad",
            "category": "Home",
            "completed": false,
            "created_at": "2026-05-24T09:52:04.157Z",
            "updated_at": "2026-05-24T09:52:04.157Z",
            "user_id": "6a117227038935029662fbfe"
        }
    ]
}
STATUS CODE:
200
RESPONSE BODY:
{"success":true,"status":200,"message":"Login successful","data":{"id":"6a117227038935029662fbfe","name":"user1","email":"testuser1+1@gmail.com","token":"7f4e95853c284f6a917d0fa48e07b29b1c05e48ef06f461886071cd2d203b3de"}}
]]></system-out>
  </testcase>
  <testcase name="verifyInvalidNoteIdDeletion" classname="tests.api.NotesDeleteApiTests" time="2.678">
    <system-out><![CDATA[STATUS CODE:
200
RESPONSE BODY:
{"success":true,"status":200,"message":"Login successful","data":{"id":"6a117227038935029662fbfe","name":"user1","email":"testuser1+1@gmail.com","token":"7f4e95853c284f6a917d0fa48e07b29b1c05e48ef06f461886071cd2d203b3de"}}
{"success":false,"status":400,"message":"Note ID must be a valid ID"}
]]></system-out>
  </testcase>
  <testcase name="verifyLogin[testuser1+1@gmail.com, user1A@x, valid](1)" classname="tests.ui.LoginTests" time="4.148"/>
  <testcase name="verifyLogin[wrong@gmail.com, wrongpassword, invalid](2)" classname="tests.ui.LoginTests" time="0.62">
    <system-out><![CDATA[STATUS CODE:
200
RESPONSE BODY:
{"success":true,"status":200,"message":"Login successful","data":{"id":"6a117227038935029662fbfe","name":"user1","email":"testuser1+1@gmail.com","token":"7f4e95853c284f6a917d0fa48e07b29b1c05e48ef06f461886071cd2d203b3de"}}
{
    "success": true,
    "status": 200,
    "message": "Notes successfully retrieved",
    "data": [
        {
            "id": "6a17e6a451ccbd0297d3de5c",
            "title": "DeleteNote_1779951237420",
            "description": "Delete validation",
            "category": "Home",
            "completed": false,
            "created_at": "2026-05-28T06:54:28.371Z",
            "updated_at": "2026-05-28T06:54:28.371Z",
            "user_id": "6a117227038935029662fbfe"
        },
        {
            "id": "6a17e6a051ccbd0297d3de4c",
            "title": "Automation Note_1779951262884",
            "description": "Created using Selenium",
            "category": "Home",
            "completed": false,
            "created_at": "2026-05-28T06:54:24.956Z",
            "updated_at": "2026-05-28T06:54:24.956Z",
            "user_id": "6a117227038935029662fbfe"
        },
        {
            "id": "6a17e6a051ccbd0297d3de48",
            "title": "Hybrid_Note_1779951237405",
            "description": "Created from UI",
            "category": "Home",
            "completed": false,
            "created_at": "2026-05-28T06:54:24.920Z",
            "updated_at": "2026-05-28T06:54:24.920Z",
            "user_id": "6a117227038935029662fbfe"
        },
        {
            "id": "6a17e5c551ccbd0297d3dc43",
            "title": "Test123_1779951043843",
            "description": "Note description",
            "category": "Home",
            "completed": false,
            "created_at": "2026-05-28T06:50:45.851Z",
            "updated_at": "2026-05-28T06:50:45.851Z",
            "user_id": "6a117227038935029662fbfe"
        },
        {
            "id": "6a17e58f51ccbd0297d3dbd8",
            "title": "Hybrid_Note_1779950962085",
            "description": "Created from UI",
            "category": "Home",
            "completed": false,
            "created_at": "2026-05-28T06:49:51.692Z",
            "updated_at": "2026-05-28T06:49:51.692Z",
            "user_id": "6a117227038935029662fbfe"
        },
        {
            "id": "6a17e58651ccbd0297d3dbc2",
            "title": "Automation Note_1779950977705",
            "description": "Created using Selenium",
            "category": "Home",
            "completed": false,
            "created_at": "2026-05-28T06:49:42.554Z",
            "updated_at": "2026-05-28T06:49:42.554Z",
            "user_id": "6a117227038935029662fbfe"
        },
        {
            "id": "6a17e45751ccbd0297d3da7d",
            "title": "Test123_1779950677657",
            "description": "Note description",
            "category": "Home",
            "completed": false,
            "created_at": "2026-05-28T06:44:39.659Z",
            "updated_at": "2026-05-28T06:44:39.659Z",
            "user_id": "6a117227038935029662fbfe"
        },
        {
            "id": "6a17e43f51ccbd0297d3da13",
            "title": "Automation Note_1779950652412",
            "description": "Created using Selenium",
            "category": "Home",
            "completed": false,
            "created_at": "2026-05-28T06:44:15.051Z",
            "updated_at": "2026-05-28T06:44:15.051Z",
            "user_id": "6a117227038935029662fbfe"
        },
        {
            "id": "6a17e43a51ccbd0297d3d9fd",
            "title": "Hybrid_Note_1779950633171",
            "description": "Created from UI",
            "category": "Home",
            "completed": false,
            "created_at": "2026-05-28T06:44:10.642Z",
            "updated_at": "2026-05-28T06:44:10.642Z",
            "user_id": "6a117227038935029662fbfe"
        },
        {
            "id": "6a179c7751ccbd0297d39434",
            "title": "Test123_1779932277186",
            "description": "Note description",
            "category": "Home",
            "completed": false,
            "created_at": "2026-05-28T01:37:59.054Z",
            "updated_at": "2026-05-28T01:37:59.054Z",
            "user_id": "6a117227038935029662fbfe"
        },
        {
            "id": "6a179c0a51ccbd0297d393ed",
            "title": "Hybrid_Note_1779932134102",
            "description": "Created from UI",
            "category": "Home",
            "completed": false,
            "created_at": "2026-05-28T01:36:10.527Z",
            "updated_at": "2026-05-28T01:36:10.527Z",
            "user_id": "6a117227038935029662fbfe"
        },
        {
            "id": "6a179c0351ccbd0297d393df",
            "title": "DeleteNote_1779932134113",
            "description": "Delete validation",
            "category": "Home",
            "completed": false,
            "created_at": "2026-05-28T01:36:03.065Z",
            "updated_at": "2026-05-28T01:36:03.065Z",
            "user_id": "6a117227038935029662fbfe"
        },
        {
            "id": "6a17998251ccbd0297d3939d",
            "title": "Test123_1779931520052",
            "description": "Note description",
            "category": "Home",
            "completed": false,
            "created_at": "2026-05-28T01:25:22.064Z",
            "updated_at": "2026-05-28T01:25:22.064Z",
            "user_id": "6a117227038935029662fbfe"
        },
        {
            "id": "6a17994251ccbd0297d3934d",
            "title": "Automation Note_1779931453754",
            "description": "Created using Selenium",
            "category": "Home",
            "completed": false,
            "created_at": "2026-05-28T01:24:18.028Z",
            "updated_at": "2026-05-28T01:24:18.028Z",
            "user_id": "6a117227038935029662fbfe"
        },
        {
            "id": "6a17993d51ccbd0297d39341",
            "title": "Hybrid_Note_1779931436551",
            "description": "Created from UI",
            "category": "Home",
            "completed": false,
            "created_at": "2026-05-28T01:24:13.372Z",
            "updated_at": "2026-05-28T01:24:13.372Z",
            "user_id": "6a117227038935029662fbfe"
        },
        {
            "id": "6a17956551ccbd0297d392e5",
            "title": "Test123_1779930468010",
            "description": "Note description",
            "category": "Home",
            "completed": false,
            "created_at": "2026-05-28T01:07:49.909Z",
            "updated_at": "2026-05-28T01:07:49.909Z",
            "user_id": "6a117227038935029662fbfe"
        },
        {
            "id": "6a17951451ccbd0297d39295",
            "title": "Automation Note_1779930385635",
            "description": "Created using Selenium",
            "category": "Home",
            "completed": false,
            "created_at": "2026-05-28T01:06:28.120Z",
            "updated_at": "2026-05-28T01:06:28.120Z",
            "user_id": "6a117227038935029662fbfe"
        },
        {
            "id": "6a17951351ccbd0297d39290",
            "title": "Hybrid_Note_1779930372257",
            "description": "Created from UI",
            "category": "Home",
            "completed": false,
            "created_at": "2026-05-28T01:06:27.191Z",
            "updated_at": "2026-05-28T01:06:27.191Z",
            "user_id": "6a117227038935029662fbfe"
        },
        {
            "id": "6a17927551ccbd0297d39238",
            "title": "DeleteNote_1779929671297",
            "description": "Delete validation",
            "category": "Home",
            "completed": false,
            "created_at": "2026-05-28T00:55:17.360Z",
            "updated_at": "2026-05-28T00:55:17.360Z",
            "user_id": "6a117227038935029662fbfe"
        },
        {
            "id": "6a17925751ccbd0297d39202",
            "title": "Automation Note_1779929683558",
            "description": "Created using Selenium",
            "category": "Home",
            "completed": false,
            "created_at": "2026-05-28T00:54:47.142Z",
            "updated_at": "2026-05-28T00:54:47.142Z",
            "user_id": "6a117227038935029662fbfe"
        },
        {
            "id": "6a17925651ccbd0297d391fb",
            "title": "Hybrid_Note_1779929671287",
            "description": "Created from UI",
            "category": "Home",
            "completed": false,
            "created_at": "2026-05-28T00:54:46.071Z",
            "updated_at": "2026-05-28T00:54:46.071Z",
            "user_id": "6a117227038935029662fbfe"
        },
        {
            "id": "6a178f3d51ccbd0297d39191",
            "title": "Test123_1779928891490",
            "description": "Note description",
            "category": "Home",
            "completed": false,
            "created_at": "2026-05-28T00:41:33.274Z",
            "updated_at": "2026-05-28T00:41:33.274Z",
            "user_id": "6a117227038935029662fbfe"
        },
        {
            "id": "6a178efe51ccbd0297d3913e",
            "title": "Automation Note_1779928828006",
            "description": "Created using Selenium",
            "category": "Home",
            "completed": false,
            "created_at": "2026-05-28T00:40:30.225Z",
            "updated_at": "2026-05-28T00:40:30.225Z",
            "user_id": "6a117227038935029662fbfe"
        },
        {
            "id": "6a178efd51ccbd0297d3913a",
            "title": "Hybrid_Note_1779928818337",
            "description": "Created from UI",
            "category": "Home",
            "completed": false,
            "created_at": "2026-05-28T00:40:29.798Z",
            "updated_at": "2026-05-28T00:40:29.798Z",
            "user_id": "6a117227038935029662fbfe"
        },
        {
            "id": "6a178ab751ccbd0297d39061",
            "title": "Test123_1779927734112",
            "description": "Note description",
            "category": "Home",
            "completed": false,
            "created_at": "2026-05-28T00:22:15.846Z",
            "updated_at": "2026-05-28T00:22:15.846Z",
            "user_id": "6a117227038935029662fbfe"
        },
        {
            "id": "6a1785e351ccbd0297d38f4a",
            "title": "Test123",
            "description": "Note description",
            "category": "Home",
            "completed": false,
            "created_at": "2026-05-28T00:01:39.398Z",
            "updated_at": "2026-05-28T00:01:39.398Z",
            "user_id": "6a117227038935029662fbfe"
        },
        {
            "id": "6a1551ea53916b0295cce773",
            "title": "Automation Note",
            "description": "Created using Selenium",
            "category": "Home",
            "completed": false,
            "created_at": "2026-05-26T07:55:22.481Z",
            "updated_at": "2026-05-26T07:55:22.481Z",
            "user_id": "6a117227038935029662fbfe"
        },
        {
            "id": "6a140215038935029664bff7",
            "title": "@#$%^&*",
            "description": "Special chars test",
            "category": "Home",
            "completed": true,
            "created_at": "2026-05-25T08:02:29.783Z",
            "updated_at": "2026-05-25T09:06:25.803Z",
            "user_id": "6a117227038935029662fbfe"
        },
        {
            "id": "6a12ca44038935029663991b",
            "title": "books",
            "description": "reading rich dad poor dad",
            "category": "Home",
            "completed": false,
            "created_at": "2026-05-24T09:52:04.157Z",
            "updated_at": "2026-05-24T09:52:04.157Z",
            "user_id": "6a117227038935029662fbfe"
        }
    ]
}
STATUS CODE:
200
RESPONSE BODY:
{"success":true,"status":200,"message":"Login successful","data":{"id":"6a117227038935029662fbfe","name":"user1","email":"testuser1+1@gmail.com","token":"7f4e95853c284f6a917d0fa48e07b29b1c05e48ef06f461886071cd2d203b3de"}}
]]></system-out>
    <system-err><![CDATA[May 28, 2026 12:24:30 PM org.openqa.selenium.devtools.CdpVersionFinder findNearestMatch
WARNING: Unable to find CDP implementation matching 148
May 28, 2026 12:24:30 PM org.openqa.selenium.chromium.ChromiumDriver lambda$new$5
WARNING: Unable to find version of CDP to use for 148.0.7778.179. You may need to include a dependency on a specific version of the CDP using something similar to `org.seleniumhq.selenium:selenium-devtools-v86:4.21.0` where the version ("v86") matches the version of the chromium-based browser you're using and the version number of the artifact is the same as Selenium's.
]]></system-err>
  </testcase>
  <testcase name="verifyLogin[, , empty](3)" classname="tests.ui.LoginTests" time="0.792">
    <system-out><![CDATA[STATUS CODE:
200
RESPONSE BODY:
{"success":true,"status":200,"message":"Login successful","data":{"id":"6a117227038935029662fbfe","name":"user1","email":"testuser1+1@gmail.com","token":"7f4e95853c284f6a917d0fa48e07b29b1c05e48ef06f461886071cd2d203b3de"}}
Request 2 Status Code: 200
STATUS CODE:
200
RESPONSE BODY:
{"success":true,"status":200,"message":"Login successful","data":{"id":"6a117227038935029662fbfe","name":"user1","email":"testuser1+1@gmail.com","token":"7f4e95853c284f6a917d0fa48e07b29b1c05e48ef06f461886071cd2d203b3de"}}
Request 3 Status Code: 200
STATUS CODE:
200
RESPONSE BODY:
{"success":true,"status":200,"message":"Login successful","data":{"id":"6a117227038935029662fbfe","name":"user1","email":"testuser1+1@gmail.com","token":"7f4e95853c284f6a917d0fa48e07b29b1c05e48ef06f461886071cd2d203b3de"}}
]]></system-out>
  </testcase>
  <testcase name="verifyUiCreatedNoteInApi" classname="tests.e2e.NotesHybridTests" time="4.364">
    <system-out><![CDATA[STATUS CODE:
200
RESPONSE BODY:
{"success":true,"status":200,"message":"Login successful","data":{"id":"6a117227038935029662fbfe","name":"user1","email":"testuser1+1@gmail.com","token":"7f4e95853c284f6a917d0fa48e07b29b1c05e48ef06f461886071cd2d203b3de"}}
{"success":true,"status":200,"message":"Notes successfully retrieved","data":[{"id":"6a17e6a451ccbd0297d3de5c","title":"DeleteNote_1779951237420","description":"Delete validation","category":"Home","completed":false,"created_at":"2026-05-28T06:54:28.371Z","updated_at":"2026-05-28T06:54:28.371Z","user_id":"6a117227038935029662fbfe"},{"id":"6a17e6a051ccbd0297d3de4c","title":"Automation Note_1779951262884","description":"Created using Selenium","category":"Home","completed":false,"created_at":"2026-05-28T06:54:24.956Z","updated_at":"2026-05-28T06:54:24.956Z","user_id":"6a117227038935029662fbfe"},{"id":"6a17e6a051ccbd0297d3de48","title":"Hybrid_Note_1779951237405","description":"Created from UI","category":"Home","completed":false,"created_at":"2026-05-28T06:54:24.920Z","updated_at":"2026-05-28T06:54:24.920Z","user_id":"6a117227038935029662fbfe"},{"id":"6a17e5c551ccbd0297d3dc43","title":"Test123_1779951043843","description":"Note description","category":"Home","completed":false,"created_at":"2026-05-28T06:50:45.851Z","updated_at":"2026-05-28T06:50:45.851Z","user_id":"6a117227038935029662fbfe"},{"id":"6a17e58f51ccbd0297d3dbd8","title":"Hybrid_Note_1779950962085","description":"Created from UI","category":"Home","completed":false,"created_at":"2026-05-28T06:49:51.692Z","updated_at":"2026-05-28T06:49:51.692Z","user_id":"6a117227038935029662fbfe"},{"id":"6a17e58651ccbd0297d3dbc2","title":"Automation Note_1779950977705","description":"Created using Selenium","category":"Home","completed":false,"created_at":"2026-05-28T06:49:42.554Z","updated_at":"2026-05-28T06:49:42.554Z","user_id":"6a117227038935029662fbfe"},{"id":"6a17e45751ccbd0297d3da7d","title":"Test123_1779950677657","description":"Note description","category":"Home","completed":false,"created_at":"2026-05-28T06:44:39.659Z","updated_at":"2026-05-28T06:44:39.659Z","user_id":"6a117227038935029662fbfe"},{"id":"6a17e43f51ccbd0297d3da13","title":"Automation Note_1779950652412","description":"Created using Selenium","category":"Home","completed":false,"created_at":"2026-05-28T06:44:15.051Z","updated_at":"2026-05-28T06:44:15.051Z","user_id":"6a117227038935029662fbfe"},{"id":"6a17e43a51ccbd0297d3d9fd","title":"Hybrid_Note_1779950633171","description":"Created from UI","category":"Home","completed":false,"created_at":"2026-05-28T06:44:10.642Z","updated_at":"2026-05-28T06:44:10.642Z","user_id":"6a117227038935029662fbfe"},{"id":"6a179c7751ccbd0297d39434","title":"Test123_1779932277186","description":"Note description","category":"Home","completed":false,"created_at":"2026-05-28T01:37:59.054Z","updated_at":"2026-05-28T01:37:59.054Z","user_id":"6a117227038935029662fbfe"},{"id":"6a179c0a51ccbd0297d393ed","title":"Hybrid_Note_1779932134102","description":"Created from UI","category":"Home","completed":false,"created_at":"2026-05-28T01:36:10.527Z","updated_at":"2026-05-28T01:36:10.527Z","user_id":"6a117227038935029662fbfe"},{"id":"6a179c0351ccbd0297d393df","title":"DeleteNote_1779932134113","description":"Delete validation","category":"Home","completed":false,"created_at":"2026-05-28T01:36:03.065Z","updated_at":"2026-05-28T01:36:03.065Z","user_id":"6a117227038935029662fbfe"},{"id":"6a17998251ccbd0297d3939d","title":"Test123_1779931520052","description":"Note description","category":"Home","completed":false,"created_at":"2026-05-28T01:25:22.064Z","updated_at":"2026-05-28T01:25:22.064Z","user_id":"6a117227038935029662fbfe"},{"id":"6a17994251ccbd0297d3934d","title":"Automation Note_1779931453754","description":"Created using Selenium","category":"Home","completed":false,"created_at":"2026-05-28T01:24:18.028Z","updated_at":"2026-05-28T01:24:18.028Z","user_id":"6a117227038935029662fbfe"},{"id":"6a17993d51ccbd0297d39341","title":"Hybrid_Note_1779931436551","description":"Created from UI","category":"Home","completed":false,"created_at":"2026-05-28T01:24:13.372Z","updated_at":"2026-05-28T01:24:13.372Z","user_id":"6a117227038935029662fbfe"},{"id":"6a17956551ccbd0297d392e5","title":"Test123_1779930468010","description":"Note description","category":"Home","completed":false,"created_at":"2026-05-28T01:07:49.909Z","updated_at":"2026-05-28T01:07:49.909Z","user_id":"6a117227038935029662fbfe"},{"id":"6a17951451ccbd0297d39295","title":"Automation Note_1779930385635","description":"Created using Selenium","category":"Home","completed":false,"created_at":"2026-05-28T01:06:28.120Z","updated_at":"2026-05-28T01:06:28.120Z","user_id":"6a117227038935029662fbfe"},{"id":"6a17951351ccbd0297d39290","title":"Hybrid_Note_1779930372257","description":"Created from UI","category":"Home","completed":false,"created_at":"2026-05-28T01:06:27.191Z","updated_at":"2026-05-28T01:06:27.191Z","user_id":"6a117227038935029662fbfe"},{"id":"6a17927551ccbd0297d39238","title":"DeleteNote_1779929671297","description":"Delete validation","category":"Home","completed":false,"created_at":"2026-05-28T00:55:17.360Z","updated_at":"2026-05-28T00:55:17.360Z","user_id":"6a117227038935029662fbfe"},{"id":"6a17925751ccbd0297d39202","title":"Automation Note_1779929683558","description":"Created using Selenium","category":"Home","completed":false,"created_at":"2026-05-28T00:54:47.142Z","updated_at":"2026-05-28T00:54:47.142Z","user_id":"6a117227038935029662fbfe"},{"id":"6a17925651ccbd0297d391fb","title":"Hybrid_Note_1779929671287","description":"Created from UI","category":"Home","completed":false,"created_at":"2026-05-28T00:54:46.071Z","updated_at":"2026-05-28T00:54:46.071Z","user_id":"6a117227038935029662fbfe"},{"id":"6a178f3d51ccbd0297d39191","title":"Test123_1779928891490","description":"Note description","category":"Home","completed":false,"created_at":"2026-05-28T00:41:33.274Z","updated_at":"2026-05-28T00:41:33.274Z","user_id":"6a117227038935029662fbfe"},{"id":"6a178efe51ccbd0297d3913e","title":"Automation Note_1779928828006","description":"Created using Selenium","category":"Home","completed":false,"created_at":"2026-05-28T00:40:30.225Z","updated_at":"2026-05-28T00:40:30.225Z","user_id":"6a117227038935029662fbfe"},{"id":"6a178efd51ccbd0297d3913a","title":"Hybrid_Note_1779928818337","description":"Created from UI","category":"Home","completed":false,"created_at":"2026-05-28T00:40:29.798Z","updated_at":"2026-05-28T00:40:29.798Z","user_id":"6a117227038935029662fbfe"},{"id":"6a178ab751ccbd0297d39061","title":"Test123_1779927734112","description":"Note description","category":"Home","completed":false,"created_at":"2026-05-28T00:22:15.846Z","updated_at":"2026-05-28T00:22:15.846Z","user_id":"6a117227038935029662fbfe"},{"id":"6a1785e351ccbd0297d38f4a","title":"Test123","description":"Note description","category":"Home","completed":false,"created_at":"2026-05-28T00:01:39.398Z","updated_at":"2026-05-28T00:01:39.398Z","user_id":"6a117227038935029662fbfe"},{"id":"6a1551ea53916b0295cce773","title":"Automation Note","description":"Created using Selenium","category":"Home","completed":false,"created_at":"2026-05-26T07:55:22.481Z","updated_at":"2026-05-26T07:55:22.481Z","user_id":"6a117227038935029662fbfe"},{"id":"6a140215038935029664bff7","title":"@#$%^&*","description":"Special chars test","category":"Home","completed":true,"created_at":"2026-05-25T08:02:29.783Z","updated_at":"2026-05-25T09:06:25.803Z","user_id":"6a117227038935029662fbfe"},{"id":"6a12ca44038935029663991b","title":"books","description":"reading rich dad poor dad","category":"Home","completed":false,"created_at":"2026-05-24T09:52:04.157Z","updated_at":"2026-05-24T09:52:04.157Z","user_id":"6a117227038935029662fbfe"}]}
]]></system-out>
    <system-err><![CDATA[May 28, 2026 12:24:19 PM org.openqa.selenium.devtools.CdpVersionFinder findNearestMatch
WARNING: Unable to find CDP implementation matching 148
May 28, 2026 12:24:19 PM org.openqa.selenium.chromium.ChromiumDriver lambda$new$5
WARNING: Unable to find version of CDP to use for 148.0.7778.179. You may need to include a dependency on a specific version of the CDP using something similar to `org.seleniumhq.selenium:selenium-devtools-v86:4.21.0` where the version ("v86") matches the version of the chromium-based browser you're using and the version number of the artifact is the same as Selenium's.
]]></system-err>
  </testcase>
  <testcase name="verifyCreatedNoteStillExistsInApi" classname="tests.e2e.NotesHybridTests" time="3.327">
    <system-out><![CDATA[STATUS CODE:
200
RESPONSE BODY:
{"success":true,"status":200,"message":"Login successful","data":{"id":"6a117227038935029662fbfe","name":"user1","email":"testuser1+1@gmail.com","token":"7f4e95853c284f6a917d0fa48e07b29b1c05e48ef06f461886071cd2d203b3de"}}
]]></system-out>
  </testcase>
  <testcase name="verifyApiResponseTime" classname="tests.api.NotesPerformanceApiTests" time="1.191">
    <system-out><![CDATA[STATUS CODE:
200
RESPONSE BODY:
{"success":true,"status":200,"message":"Login successful","data":{"id":"6a117227038935029662fbfe","name":"user1","email":"testuser1+1@gmail.com","token":"7f4e95853c284f6a917d0fa48e07b29b1c05e48ef06f461886071cd2d203b3de"}}
Actual API Response Time: 396 ms
]]></system-out>
    <system-err><![CDATA[May 28, 2026 12:24:36 PM org.openqa.selenium.devtools.CdpVersionFinder findNearestMatch
WARNING: Unable to find CDP implementation matching 148
May 28, 2026 12:24:36 PM org.openqa.selenium.chromium.ChromiumDriver lambda$new$5
WARNING: Unable to find version of CDP to use for 148.0.7778.179. You may need to include a dependency on a specific version of the CDP using something similar to `org.seleniumhq.selenium:selenium-devtools-v86:4.21.0` where the version ("v86") matches the version of the chromium-based browser you're using and the version number of the artifact is the same as Selenium's.
]]></system-err>
  </testcase>
  <testcase name="verifyApiStabilityDuringMultipleRequests" classname="tests.api.NotesPerformanceApiTests" time="5.97">
    <system-out><![CDATA[Request 4 Status Code: 200
STATUS CODE:
200
RESPONSE BODY:
{"success":true,"status":200,"message":"Login successful","data":{"id":"6a117227038935029662fbfe","name":"user1","email":"testuser1+1@gmail.com","token":"7f4e95853c284f6a917d0fa48e07b29b1c05e48ef06f461886071cd2d203b3de"}}
Request 5 Status Code: 200
STATUS CODE:
200
RESPONSE BODY:
{"success":true,"status":200,"message":"Login successful","data":{"id":"6a117227038935029662fbfe","name":"user1","email":"testuser1+1@gmail.com","token":"7f4e95853c284f6a917d0fa48e07b29b1c05e48ef06f461886071cd2d203b3de"}}
Request 6 Status Code: 200
STATUS CODE:
200
RESPONSE BODY:
{"success":true,"status":200,"message":"Login successful","data":{"id":"6a117227038935029662fbfe","name":"user1","email":"testuser1+1@gmail.com","token":"7f4e95853c284f6a917d0fa48e07b29b1c05e48ef06f461886071cd2d203b3de"}}
Request 7 Status Code: 200
STATUS CODE:
200
RESPONSE BODY:
{"success":true,"status":200,"message":"Login successful","data":{"id":"6a117227038935029662fbfe","name":"user1","email":"testuser1+1@gmail.com","token":"7f4e95853c284f6a917d0fa48e07b29b1c05e48ef06f461886071cd2d203b3de"}}
Request 8 Status Code: 200
]]></system-out>
    <system-err><![CDATA[May 28, 2026 12:24:41 PM org.openqa.selenium.devtools.CdpVersionFinder findNearestMatch
WARNING: Unable to find CDP implementation matching 148
May 28, 2026 12:24:41 PM org.openqa.selenium.chromium.ChromiumDriver lambda$new$5
WARNING: Unable to find version of CDP to use for 148.0.7778.179. You may need to include a dependency on a specific version of the CDP using something similar to `org.seleniumhq.selenium:selenium-devtools-v86:4.21.0` where the version ("v86") matches the version of the chromium-based browser you're using and the version number of the artifact is the same as Selenium's.
May 28, 2026 12:24:42 PM org.openqa.selenium.devtools.CdpVersionFinder findNearestMatch
WARNING: Unable to find CDP implementation matching 148
May 28, 2026 12:24:42 PM org.openqa.selenium.chromium.ChromiumDriver lambda$new$5
WARNING: Unable to find version of CDP to use for 148.0.7778.179. You may need to include a dependency on a specific version of the CDP using something similar to `org.seleniumhq.selenium:selenium-devtools-v86:4.21.0` where the version ("v86") matches the version of the chromium-based browser you're using and the version number of the artifact is the same as Selenium's.
]]></system-err>
  </testcase>
  <testcase name="verifyNoteCreation[Automation Note, Created using Selenium, valid](1)" classname="tests.ui.NotesUiTests" time="1.433">
    <system-out><![CDATA[STATUS CODE:
200
RESPONSE BODY:
{"success":true,"status":200,"message":"Login successful","data":{"id":"6a117227038935029662fbfe","name":"user1","email":"testuser1+1@gmail.com","token":"7f4e95853c284f6a917d0fa48e07b29b1c05e48ef06f461886071cd2d203b3de"}}
Request 1 Status Code: 200
]]></system-out>
  </testcase>
  <testcase name="verifyNoteCreation[Test123, Note description, valid](2)" classname="tests.ui.NotesUiTests" time="34.267"/>
  <testcase name="verifyNoteCreation[, Some desc, emptyTitle](3)" classname="tests.ui.NotesUiTests" time="2.036">
    <system-err><![CDATA[May 28, 2026 12:25:45 PM org.openqa.selenium.devtools.CdpVersionFinder findNearestMatch
WARNING: Unable to find CDP implementation matching 148
May 28, 2026 12:25:45 PM org.openqa.selenium.chromium.ChromiumDriver lambda$new$5
WARNING: Unable to find version of CDP to use for 148.0.7778.179. You may need to include a dependency on a specific version of the CDP using something similar to `org.seleniumhq.selenium:selenium-devtools-v86:4.21.0` where the version ("v86") matches the version of the chromium-based browser you're using and the version number of the artifact is the same as Selenium's.
]]></system-err>
  </testcase>
  <testcase name="verifyNoteCreation[Title only, , emptyDescription](4)" classname="tests.ui.NotesUiTests" time="1.888">
    <system-err><![CDATA[May 28, 2026 12:25:51 PM org.openqa.selenium.devtools.CdpVersionFinder findNearestMatch
WARNING: Unable to find CDP implementation matching 148
May 28, 2026 12:25:51 PM org.openqa.selenium.chromium.ChromiumDriver lambda$new$5
WARNING: Unable to find version of CDP to use for 148.0.7778.179. You may need to include a dependency on a specific version of the CDP using something similar to `org.seleniumhq.selenium:selenium-devtools-v86:4.21.0` where the version ("v86") matches the version of the chromium-based browser you're using and the version number of the artifact is the same as Selenium's.
]]></system-err>
  </testcase>
  <testcase name="verifyNoteCreation[, , emptyAll](5)" classname="tests.ui.NotesUiTests" time="1.713">
    <system-err><![CDATA[May 28, 2026 12:25:57 PM org.openqa.selenium.devtools.CdpVersionFinder findNearestMatch
WARNING: Unable to find CDP implementation matching 148
May 28, 2026 12:25:57 PM org.openqa.selenium.chromium.ChromiumDriver lambda$new$5
WARNING: Unable to find version of CDP to use for 148.0.7778.179. You may need to include a dependency on a specific version of the CDP using something similar to `org.seleniumhq.selenium:selenium-devtools-v86:4.21.0` where the version ("v86") matches the version of the chromium-based browser you're using and the version number of the artifact is the same as Selenium's.
]]></system-err>
  </testcase>
  <testcase name="verifyNoteCreation[@#$%^&amp;*, Special chars test, specialChars](6)" classname="tests.ui.NotesUiTests" time="1.624">
    <system-err><![CDATA[May 28, 2026 12:26:04 PM org.openqa.selenium.devtools.CdpVersionFinder findNearestMatch
WARNING: Unable to find CDP implementation matching 148
May 28, 2026 12:26:04 PM org.openqa.selenium.chromium.ChromiumDriver lambda$new$5
WARNING: Unable to find version of CDP to use for 148.0.7778.179. You may need to include a dependency on a specific version of the CDP using something similar to `org.seleniumhq.selenium:selenium-devtools-v86:4.21.0` where the version ("v86") matches the version of the chromium-based browser you're using and the version number of the artifact is the same as Selenium's.
]]></system-err>
  </testcase>
  <testcase name="verifyDeletedNoteDisappearsFromUi" classname="tests.e2e.NotesDeletionHybridTests" time="16.54"/>
  <testcase name="verifyDeletedNoteDoesNotReappearAfterRefresh" classname="tests.e2e.NotesDeletionHybridTests" time="15.769">
    <system-err><![CDATA[May 28, 2026 12:25:04 PM org.openqa.selenium.devtools.CdpVersionFinder findNearestMatch
WARNING: Unable to find CDP implementation matching 148
May 28, 2026 12:25:04 PM org.openqa.selenium.chromium.ChromiumDriver lambda$new$5
WARNING: Unable to find version of CDP to use for 148.0.7778.179. You may need to include a dependency on a specific version of the CDP using something similar to `org.seleniumhq.selenium:selenium-devtools-v86:4.21.0` where the version ("v86") matches the version of the chromium-based browser you're using and the version number of the artifact is the same as Selenium's.
]]></system-err>
  </testcase>
</testsuite>