<?xml version="1.0" encoding="UTF-8"?>
<testng-results ignored="0" total="20" passed="20" failed="0" skipped="0">
  <reporter-output>
  </reporter-output>
  <suite started-at="2026-05-27T17:55:31 IST" name="ParallelSuite" finished-at="2026-05-27T17:57:20 IST" duration-ms="109598">
    <groups>
    </groups>
    <test started-at="2026-05-27T17:55:31 IST" name="AllParallelTests" finished-at="2026-05-27T17:57:20 IST" duration-ms="109598">
      <class name="tests.api.UnauthorizedApiTests">
        <test-method signature="verifyUnauthorizedApiRequestHandling()[pri:0, instance:tests.api.UnauthorizedApiTests@f1da57d]" started-at="2026-05-27T17:55:31 IST" name="verifyUnauthorizedApiRequestHandling" finished-at="2026-05-27T17:55:35 IST" duration-ms="4502" status="PASS">
          <reporter-output>
          </reporter-output>
        </test-method> <!-- verifyUnauthorizedApiRequestHandling -->
      </class> <!-- tests.api.UnauthorizedApiTests -->
      <class name="tests.ui.LoginTests">
        <test-method is-config="true" signature="setUp()[pri:0, instance:tests.ui.LoginTests@61c4eee0]" started-at="2026-05-27T17:55:33 IST" name="setUp" finished-at="2026-05-27T17:55:40 IST" duration-ms="7037" status="PASS">
          <reporter-output>
          </reporter-output>
        </test-method> <!-- setUp -->
        <test-method signature="verifyLogin(java.lang.String,java.lang.String,java.lang.String)[pri:0, instance:tests.ui.LoginTests@61c4eee0]" started-at="2026-05-27T17:55:40 IST" name="verifyLogin" data-provider="TestData" finished-at="2026-05-27T17:55:44 IST" duration-ms="3410" status="PASS">
          <params>
            <param index="0">
              <value>
                <![CDATA[testuser1+1@gmail.com]]>
              </value>
            </param>
            <param index="1">
              <value>
                <![CDATA[user1A@x]]>
              </value>
            </param>
            <param index="2">
              <value>
                <![CDATA[valid]]>
              </value>
            </param>
          </params>
          <reporter-output>
          </reporter-output>
        </test-method> <!-- verifyLogin -->
        <test-method is-config="true" signature="tearDown(org.testng.ITestResult)[pri:0, instance:tests.ui.LoginTests@61c4eee0]" started-at="2026-05-27T17:55:44 IST" name="tearDown" finished-at="2026-05-27T17:55:46 IST" duration-ms="1889" status="PASS">
          <params>
            <param index="0">
              <value>
                <![CDATA[[TestResult name=verifyLogin status=SUCCESS method=LoginTests.verifyLogin(java.lang.String,java.lang.String,java.lang.String)[pri:0, instance:tests.ui.LoginTests@61c4eee0] output={null}]]]>
              </value>
            </param>
          </params>
          <reporter-output>
          </reporter-output>
        </test-method> <!-- tearDown -->
        <test-method is-config="true" signature="setUp()[pri:0, instance:tests.ui.LoginTests@61c4eee0]" started-at="2026-05-27T17:55:46 IST" name="setUp" finished-at="2026-05-27T17:55:50 IST" duration-ms="4101" status="PASS">
          <reporter-output>
          </reporter-output>
        </test-method> <!-- setUp -->
        <test-method signature="verifyLogin(java.lang.String,java.lang.String,java.lang.String)[pri:0, instance:tests.ui.LoginTests@61c4eee0]" started-at="2026-05-27T17:55:50 IST" name="verifyLogin" data-provider="TestData" finished-at="2026-05-27T17:55:52 IST" duration-ms="2611" status="PASS">
          <params>
            <param index="0">
              <value>
                <![CDATA[wrong@gmail.com]]>
              </value>
            </param>
            <param index="1">
              <value>
                <![CDATA[wrongpassword]]>
              </value>
            </param>
            <param index="2">
              <value>
                <![CDATA[invalid]]>
              </value>
            </param>
          </params>
          <reporter-output>
          </reporter-output>
        </test-method> <!-- verifyLogin -->
        <test-method is-config="true" signature="tearDown(org.testng.ITestResult)[pri:0, instance:tests.ui.LoginTests@61c4eee0]" started-at="2026-05-27T17:55:52 IST" name="tearDown" finished-at="2026-05-27T17:55:58 IST" duration-ms="6084" status="PASS">
          <params>
            <param index="0">
              <value>
                <![CDATA[[TestResult name=verifyLogin status=SUCCESS method=LoginTests.verifyLogin(java.lang.String,java.lang.String,java.lang.String)[pri:0, instance:tests.ui.LoginTests@61c4eee0] output={null}]]]>
              </value>
            </param>
          </params>
          <reporter-output>
          </reporter-output>
        </test-method> <!-- tearDown -->
        <test-method is-config="true" signature="setUp()[pri:0, instance:tests.ui.LoginTests@61c4eee0]" started-at="2026-05-27T17:55:58 IST" name="setUp" finished-at="2026-05-27T17:56:08 IST" duration-ms="9644" status="PASS">
          <reporter-output>
          </reporter-output>
        </test-method> <!-- setUp -->
        <test-method signature="verifyLogin(java.lang.String,java.lang.String,java.lang.String)[pri:0, instance:tests.ui.LoginTests@61c4eee0]" started-at="2026-05-27T17:56:08 IST" name="verifyLogin" data-provider="TestData" finished-at="2026-05-27T17:56:08 IST" duration-ms="263" status="PASS">
          <params>
            <param index="0">
              <value>
                <![CDATA[]]>
              </value>
            </param>
            <param index="1">
              <value>
                <![CDATA[]]>
              </value>
            </param>
            <param index="2">
              <value>
                <![CDATA[empty]]>
              </value>
            </param>
          </params>
          <reporter-output>
          </reporter-output>
        </test-method> <!-- verifyLogin -->
        <test-method is-config="true" signature="tearDown(org.testng.ITestResult)[pri:0, instance:tests.ui.LoginTests@61c4eee0]" started-at="2026-05-27T17:56:08 IST" name="tearDown" finished-at="2026-05-27T17:56:09 IST" duration-ms="302" status="PASS">
          <params>
            <param index="0">
              <value>
                <![CDATA[[TestResult name=verifyLogin status=SUCCESS method=LoginTests.verifyLogin(java.lang.String,java.lang.String,java.lang.String)[pri:0, instance:tests.ui.LoginTests@61c4eee0] output={null}]]]>
              </value>
            </param>
          </params>
          <reporter-output>
          </reporter-output>
        </test-method> <!-- tearDown -->
      </class> <!-- tests.ui.LoginTests -->
      <class name="tests.api.NotesPerformanceApiTests">
        <test-method signature="verifyApiResponseTime()[pri:1, instance:tests.api.NotesPerformanceApiTests@480d3575]" started-at="2026-05-27T17:55:58 IST" name="verifyApiResponseTime" finished-at="2026-05-27T17:56:00 IST" duration-ms="1648" status="PASS">
          <reporter-output>
          </reporter-output>
        </test-method> <!-- verifyApiResponseTime -->
        <test-method signature="verifyApiStabilityDuringMultipleRequests()[pri:2, instance:tests.api.NotesPerformanceApiTests@480d3575]" started-at="2026-05-27T17:56:00 IST" name="verifyApiStabilityDuringMultipleRequests" finished-at="2026-05-27T17:56:19 IST" duration-ms="18609" status="PASS">
          <reporter-output>
          </reporter-output>
        </test-method> <!-- verifyApiStabilityDuringMultipleRequests -->
      </class> <!-- tests.api.NotesPerformanceApiTests -->
      <class name="tests.e2e.NotesDeletionHybridTests">
        <test-method is-config="true" signature="setUp()[pri:0, instance:tests.e2e.NotesDeletionHybridTests@1807e3f6]" started-at="2026-05-27T17:55:49 IST" name="setUp" finished-at="2026-05-27T17:55:54 IST" duration-ms="4873" status="PASS">
          <reporter-output>
          </reporter-output>
        </test-method> <!-- setUp -->
        <test-method signature="verifyDeletedNoteDisappearsFromUi()[pri:1, instance:tests.e2e.NotesDeletionHybridTests@1807e3f6]" started-at="2026-05-27T17:55:54 IST" name="verifyDeletedNoteDisappearsFromUi" finished-at="2026-05-27T17:56:57 IST" duration-ms="63197" status="PASS">
          <reporter-output>
          </reporter-output>
        </test-method> <!-- verifyDeletedNoteDisappearsFromUi -->
        <test-method is-config="true" signature="tearDown(org.testng.ITestResult)[pri:0, instance:tests.e2e.NotesDeletionHybridTests@1807e3f6]" started-at="2026-05-27T17:56:57 IST" name="tearDown" finished-at="2026-05-27T17:56:58 IST" duration-ms="407" status="PASS">
          <params>
            <param index="0">
              <value>
                <![CDATA[[TestResult name=verifyDeletedNoteDisappearsFromUi status=SUCCESS method=NotesDeletionHybridTests.verifyDeletedNoteDisappearsFromUi()[pri:1, instance:tests.e2e.NotesDeletionHybridTests@1807e3f6] output={null}]]]>
              </value>
            </param>
          </params>
          <reporter-output>
          </reporter-output>
        </test-method> <!-- tearDown -->
        <test-method is-config="true" signature="setUp()[pri:0, instance:tests.e2e.NotesDeletionHybridTests@1807e3f6]" started-at="2026-05-27T17:56:58 IST" name="setUp" finished-at="2026-05-27T17:57:01 IST" duration-ms="3446" status="PASS">
          <reporter-output>
          </reporter-output>
        </test-method> <!-- setUp -->
        <test-method signature="verifyDeletedNoteDoesNotReappearAfterRefresh()[pri:2, instance:tests.e2e.NotesDeletionHybridTests@1807e3f6]" started-at="2026-05-27T17:57:01 IST" name="verifyDeletedNoteDoesNotReappearAfterRefresh" finished-at="2026-05-27T17:57:04 IST" depends-on-methods="tests.e2e.NotesDeletionHybridTests.verifyDeletedNoteDisappearsFromUi" duration-ms="3115" status="PASS">
          <reporter-output>
          </reporter-output>
        </test-method> <!-- verifyDeletedNoteDoesNotReappearAfterRefresh -->
        <test-method is-config="true" signature="tearDown(org.testng.ITestResult)[pri:0, instance:tests.e2e.NotesDeletionHybridTests@1807e3f6]" started-at="2026-05-27T17:57:04 IST" name="tearDown" finished-at="2026-05-27T17:57:05 IST" duration-ms="433" status="PASS">
          <params>
            <param index="0">
              <value>
                <![CDATA[[TestResult name=verifyDeletedNoteDoesNotReappearAfterRefresh status=SUCCESS method=NotesDeletionHybridTests.verifyDeletedNoteDoesNotReappearAfterRefresh()[pri:2, instance:tests.e2e.NotesDeletionHybridTests@1807e3f6] output={null}]]]>
              </value>
            </param>
          </params>
          <reporter-output>
          </reporter-output>
        </test-method> <!-- tearDown -->
      </class> <!-- tests.e2e.NotesDeletionHybridTests -->
      <class name="tests.e2e.NotesHybridTests">
        <test-method is-config="true" signature="setUp()[pri:0, instance:tests.e2e.NotesHybridTests@338fc1d8]" started-at="2026-05-27T17:55:36 IST" name="setUp" finished-at="2026-05-27T17:55:38 IST" duration-ms="2322" status="PASS">
          <reporter-output>
          </reporter-output>
        </test-method> <!-- setUp -->
        <test-method signature="verifyUiCreatedNoteInApi()[pri:1, instance:tests.e2e.NotesHybridTests@338fc1d8]" started-at="2026-05-27T17:55:39 IST" name="verifyUiCreatedNoteInApi" finished-at="2026-05-27T17:55:44 IST" duration-ms="5850" status="PASS">
          <reporter-output>
          </reporter-output>
        </test-method> <!-- verifyUiCreatedNoteInApi -->
        <test-method is-config="true" signature="tearDown(org.testng.ITestResult)[pri:0, instance:tests.e2e.NotesHybridTests@338fc1d8]" started-at="2026-05-27T17:55:44 IST" name="tearDown" finished-at="2026-05-27T17:55:46 IST" duration-ms="1138" status="PASS">
          <params>
            <param index="0">
              <value>
                <![CDATA[[TestResult name=verifyUiCreatedNoteInApi status=SUCCESS method=NotesHybridTests.verifyUiCreatedNoteInApi()[pri:1, instance:tests.e2e.NotesHybridTests@338fc1d8] output={null}]]]>
              </value>
            </param>
          </params>
          <reporter-output>
          </reporter-output>
        </test-method> <!-- tearDown -->
        <test-method is-config="true" signature="setUp()[pri:0, instance:tests.e2e.NotesHybridTests@338fc1d8]" started-at="2026-05-27T17:55:46 IST" name="setUp" finished-at="2026-05-27T17:55:53 IST" duration-ms="6987" status="PASS">
          <reporter-output>
          </reporter-output>
        </test-method> <!-- setUp -->
        <test-method signature="verifyFieldMatchingAndNoteIdConsistency()[pri:2, instance:tests.e2e.NotesHybridTests@338fc1d8]" started-at="2026-05-27T17:55:53 IST" name="verifyFieldMatchingAndNoteIdConsistency" finished-at="2026-05-27T17:55:56 IST" duration-ms="2918" status="PASS">
          <reporter-output>
          </reporter-output>
        </test-method> <!-- verifyFieldMatchingAndNoteIdConsistency -->
        <test-method is-config="true" signature="tearDown(org.testng.ITestResult)[pri:0, instance:tests.e2e.NotesHybridTests@338fc1d8]" started-at="2026-05-27T17:55:56 IST" name="tearDown" finished-at="2026-05-27T17:55:58 IST" duration-ms="2881" status="PASS">
          <params>
            <param index="0">
              <value>
                <![CDATA[[TestResult name=verifyFieldMatchingAndNoteIdConsistency status=SUCCESS method=NotesHybridTests.verifyFieldMatchingAndNoteIdConsistency()[pri:2, instance:tests.e2e.NotesHybridTests@338fc1d8] output={null}]]]>
              </value>
            </param>
          </params>
          <reporter-output>
          </reporter-output>
        </test-method> <!-- tearDown -->
      </class> <!-- tests.e2e.NotesHybridTests -->
      <class name="tests.api.NotesDeleteApiTests">
        <test-method signature="verifySuccessfulNoteDeletion()[pri:1, instance:tests.api.NotesDeleteApiTests@4722ef0c]" started-at="2026-05-27T17:55:43 IST" name="verifySuccessfulNoteDeletion" finished-at="2026-05-27T17:55:47 IST" duration-ms="3708" status="PASS">
          <reporter-output>
          </reporter-output>
        </test-method> <!-- verifySuccessfulNoteDeletion -->
        <test-method signature="verifyInvalidNoteIdDeletion()[pri:2, instance:tests.api.NotesDeleteApiTests@4722ef0c]" started-at="2026-05-27T17:55:47 IST" name="verifyInvalidNoteIdDeletion" finished-at="2026-05-27T17:55:49 IST" duration-ms="2219" status="PASS">
          <reporter-output>
          </reporter-output>
        </test-method> <!-- verifyInvalidNoteIdDeletion -->
      </class> <!-- tests.api.NotesDeleteApiTests -->
      <class name="tests.ui.NotesUiTests">
        <test-method is-config="true" signature="setUp()[pri:0, instance:tests.ui.NotesUiTests@15a34df2]" started-at="2026-05-27T17:55:33 IST" name="setUp" finished-at="2026-05-27T17:55:40 IST" duration-ms="6792" status="PASS">
          <reporter-output>
          </reporter-output>
        </test-method> <!-- setUp -->
        <test-method signature="verifyNoteCreation(java.lang.String,java.lang.String,java.lang.String)[pri:0, instance:tests.ui.NotesUiTests@15a34df2]" started-at="2026-05-27T17:55:40 IST" name="verifyNoteCreation" data-provider="notesData" finished-at="2026-05-27T17:55:58 IST" duration-ms="17749" status="PASS">
          <params>
            <param index="0">
              <value>
                <![CDATA[Automation Note]]>
              </value>
            </param>
            <param index="1">
              <value>
                <![CDATA[Created using Selenium]]>
              </value>
            </param>
            <param index="2">
              <value>
                <![CDATA[valid]]>
              </value>
            </param>
          </params>
          <reporter-output>
          </reporter-output>
        </test-method> <!-- verifyNoteCreation -->
        <test-method is-config="true" signature="tearDown(org.testng.ITestResult)[pri:0, instance:tests.ui.NotesUiTests@15a34df2]" started-at="2026-05-27T17:55:58 IST" name="tearDown" finished-at="2026-05-27T17:56:00 IST" duration-ms="2379" status="PASS">
          <params>
            <param index="0">
              <value>
                <![CDATA[[TestResult name=verifyNoteCreation status=SUCCESS method=NotesUiTests.verifyNoteCreation(java.lang.String,java.lang.String,java.lang.String)[pri:0, instance:tests.ui.NotesUiTests@15a34df2] output={null}]]]>
              </value>
            </param>
          </params>
          <reporter-output>
          </reporter-output>
        </test-method> <!-- tearDown -->
        <test-method is-config="true" signature="setUp()[pri:0, instance:tests.ui.NotesUiTests@15a34df2]" started-at="2026-05-27T17:56:00 IST" name="setUp" finished-at="2026-05-27T17:56:09 IST" duration-ms="8563" status="PASS">
          <reporter-output>
          </reporter-output>
        </test-method> <!-- setUp -->
        <test-method signature="verifyNoteCreation(java.lang.String,java.lang.String,java.lang.String)[pri:0, instance:tests.ui.NotesUiTests@15a34df2]" started-at="2026-05-27T17:56:09 IST" name="verifyNoteCreation" data-provider="notesData" finished-at="2026-05-27T17:56:56 IST" duration-ms="46994" status="PASS">
          <params>
            <param index="0">
              <value>
                <![CDATA[Test123]]>
              </value>
            </param>
            <param index="1">
              <value>
                <![CDATA[Note description]]>
              </value>
            </param>
            <param index="2">
              <value>
                <![CDATA[valid]]>
              </value>
            </param>
          </params>
          <reporter-output>
          </reporter-output>
        </test-method> <!-- verifyNoteCreation -->
        <test-method is-config="true" signature="tearDown(org.testng.ITestResult)[pri:0, instance:tests.ui.NotesUiTests@15a34df2]" started-at="2026-05-27T17:56:56 IST" name="tearDown" finished-at="2026-05-27T17:56:56 IST" duration-ms="416" status="PASS">
          <params>
            <param index="0">
              <value>
                <![CDATA[[TestResult name=verifyNoteCreation status=SUCCESS method=NotesUiTests.verifyNoteCreation(java.lang.String,java.lang.String,java.lang.String)[pri:0, instance:tests.ui.NotesUiTests@15a34df2] output={null}]]]>
              </value>
            </param>
          </params>
          <reporter-output>
          </reporter-output>
        </test-method> <!-- tearDown -->
        <test-method is-config="true" signature="setUp()[pri:0, instance:tests.ui.NotesUiTests@15a34df2]" started-at="2026-05-27T17:56:56 IST" name="setUp" finished-at="2026-05-27T17:57:00 IST" duration-ms="4242" status="PASS">
          <reporter-output>
          </reporter-output>
        </test-method> <!-- setUp -->
        <test-method signature="verifyNoteCreation(java.lang.String,java.lang.String,java.lang.String)[pri:0, instance:tests.ui.NotesUiTests@15a34df2]" started-at="2026-05-27T17:57:00 IST" name="verifyNoteCreation" data-provider="notesData" finished-at="2026-05-27T17:57:02 IST" duration-ms="1877" status="PASS">
          <params>
            <param index="0">
              <value>
                <![CDATA[]]>
              </value>
            </param>
            <param index="1">
              <value>
                <![CDATA[Some desc]]>
              </value>
            </param>
            <param index="2">
              <value>
                <![CDATA[emptyTitle]]>
              </value>
            </param>
          </params>
          <reporter-output>
          </reporter-output>
        </test-method> <!-- verifyNoteCreation -->
        <test-method is-config="true" signature="tearDown(org.testng.ITestResult)[pri:0, instance:tests.ui.NotesUiTests@15a34df2]" started-at="2026-05-27T17:57:02 IST" name="tearDown" finished-at="2026-05-27T17:57:03 IST" duration-ms="311" status="PASS">
          <params>
            <param index="0">
              <value>
                <![CDATA[[TestResult name=verifyNoteCreation status=SUCCESS method=NotesUiTests.verifyNoteCreation(java.lang.String,java.lang.String,java.lang.String)[pri:0, instance:tests.ui.NotesUiTests@15a34df2] output={null}]]]>
              </value>
            </param>
          </params>
          <reporter-output>
          </reporter-output>
        </test-method> <!-- tearDown -->
        <test-method is-config="true" signature="setUp()[pri:0, instance:tests.ui.NotesUiTests@15a34df2]" started-at="2026-05-27T17:57:03 IST" name="setUp" finished-at="2026-05-27T17:57:07 IST" duration-ms="4163" status="PASS">
          <reporter-output>
          </reporter-output>
        </test-method> <!-- setUp -->
        <test-method signature="verifyNoteCreation(java.lang.String,java.lang.String,java.lang.String)[pri:0, instance:tests.ui.NotesUiTests@15a34df2]" started-at="2026-05-27T17:57:07 IST" name="verifyNoteCreation" data-provider="notesData" finished-at="2026-05-27T17:57:08 IST" duration-ms="1364" status="PASS">
          <params>
            <param index="0">
              <value>
                <![CDATA[Title only]]>
              </value>
            </param>
            <param index="1">
              <value>
                <![CDATA[]]>
              </value>
            </param>
            <param index="2">
              <value>
                <![CDATA[emptyDescription]]>
              </value>
            </param>
          </params>
          <reporter-output>
          </reporter-output>
        </test-method> <!-- verifyNoteCreation -->
        <test-method is-config="true" signature="tearDown(org.testng.ITestResult)[pri:0, instance:tests.ui.NotesUiTests@15a34df2]" started-at="2026-05-27T17:57:08 IST" name="tearDown" finished-at="2026-05-27T17:57:08 IST" duration-ms="344" status="PASS">
          <params>
            <param index="0">
              <value>
                <![CDATA[[TestResult name=verifyNoteCreation status=SUCCESS method=NotesUiTests.verifyNoteCreation(java.lang.String,java.lang.String,java.lang.String)[pri:0, instance:tests.ui.NotesUiTests@15a34df2] output={null}]]]>
              </value>
            </param>
          </params>
          <reporter-output>
          </reporter-output>
        </test-method> <!-- tearDown -->
        <test-method is-config="true" signature="setUp()[pri:0, instance:tests.ui.NotesUiTests@15a34df2]" started-at="2026-05-27T17:57:08 IST" name="setUp" finished-at="2026-05-27T17:57:12 IST" duration-ms="3643" status="PASS">
          <reporter-output>
          </reporter-output>
        </test-method> <!-- setUp -->
        <test-method signature="verifyNoteCreation(java.lang.String,java.lang.String,java.lang.String)[pri:0, instance:tests.ui.NotesUiTests@15a34df2]" started-at="2026-05-27T17:57:12 IST" name="verifyNoteCreation" data-provider="notesData" finished-at="2026-05-27T17:57:14 IST" duration-ms="1825" status="PASS">
          <params>
            <param index="0">
              <value>
                <![CDATA[]]>
              </value>
            </param>
            <param index="1">
              <value>
                <![CDATA[]]>
              </value>
            </param>
            <param index="2">
              <value>
                <![CDATA[emptyAll]]>
              </value>
            </param>
          </params>
          <reporter-output>
          </reporter-output>
        </test-method> <!-- verifyNoteCreation -->
        <test-method is-config="true" signature="tearDown(org.testng.ITestResult)[pri:0, instance:tests.ui.NotesUiTests@15a34df2]" started-at="2026-05-27T17:57:14 IST" name="tearDown" finished-at="2026-05-27T17:57:14 IST" duration-ms="214" status="PASS">
          <params>
            <param index="0">
              <value>
                <![CDATA[[TestResult name=verifyNoteCreation status=SUCCESS method=NotesUiTests.verifyNoteCreation(java.lang.String,java.lang.String,java.lang.String)[pri:0, instance:tests.ui.NotesUiTests@15a34df2] output={null}]]]>
              </value>
            </param>
          </params>
          <reporter-output>
          </reporter-output>
        </test-method> <!-- tearDown -->
        <test-method is-config="true" signature="setUp()[pri:0, instance:tests.ui.NotesUiTests@15a34df2]" started-at="2026-05-27T17:57:14 IST" name="setUp" finished-at="2026-05-27T17:57:19 IST" duration-ms="4559" status="PASS">
          <reporter-output>
          </reporter-output>
        </test-method> <!-- setUp -->
        <test-method signature="verifyNoteCreation(java.lang.String,java.lang.String,java.lang.String)[pri:0, instance:tests.ui.NotesUiTests@15a34df2]" started-at="2026-05-27T17:57:19 IST" name="verifyNoteCreation" data-provider="notesData" finished-at="2026-05-27T17:57:20 IST" duration-ms="1470" status="PASS">
          <params>
            <param index="0">
              <value>
                <![CDATA[@#$%^&*]]>
              </value>
            </param>
            <param index="1">
              <value>
                <![CDATA[Special chars test]]>
              </value>
            </param>
            <param index="2">
              <value>
                <![CDATA[specialChars]]>
              </value>
            </param>
          </params>
          <reporter-output>
          </reporter-output>
        </test-method> <!-- verifyNoteCreation -->
        <test-method is-config="true" signature="tearDown(org.testng.ITestResult)[pri:0, instance:tests.ui.NotesUiTests@15a34df2]" started-at="2026-05-27T17:57:20 IST" name="tearDown" finished-at="2026-05-27T17:57:20 IST" duration-ms="278" status="PASS">
          <params>
            <param index="0">
              <value>
                <![CDATA[[TestResult name=verifyNoteCreation status=SUCCESS method=NotesUiTests.verifyNoteCreation(java.lang.String,java.lang.String,java.lang.String)[pri:0, instance:tests.ui.NotesUiTests@15a34df2] output={null}]]]>
              </value>
            </param>
          </params>
          <reporter-output>
          </reporter-output>
        </test-method> <!-- tearDown -->
      </class> <!-- tests.ui.NotesUiTests -->
      <class name="tests.api.NotesApiTests">
        <test-method signature="verifyNewlyCreatedNoteAppearsInstantly()[pri:1, instance:tests.api.NotesApiTests@5b38c1ec]" started-at="2026-05-27T17:55:31 IST" name="verifyNewlyCreatedNoteAppearsInstantly" finished-at="2026-05-27T17:55:41 IST" duration-ms="10155" status="PASS">
          <reporter-output>
          </reporter-output>
        </test-method> <!-- verifyNewlyCreatedNoteAppearsInstantly -->
        <test-method signature="verifyNoteVisibilityAfterRefresh()[pri:2, instance:tests.api.NotesApiTests@5b38c1ec]" started-at="2026-05-27T17:55:41 IST" name="verifyNoteVisibilityAfterRefresh" finished-at="2026-05-27T17:55:43 IST" duration-ms="2251" status="PASS">
          <reporter-output>
          </reporter-output>
        </test-method> <!-- verifyNoteVisibilityAfterRefresh -->
      </class> <!-- tests.api.NotesApiTests -->
    </test> <!-- AllParallelTests -->
  </suite> <!-- ParallelSuite -->
</testng-results>
