<?xml version="1.0" encoding="UTF-8"?>
<!-- Generated by org.testng.reporters.JUnitXMLReporter -->
<testsuite ignored="0" hostname="HP" failures="0" tests="20" name="AllParallelTests" time="63.476" errors="0" timestamp="2026-05-28T01:52:28 IST">
  <testcase classname="tests.api.UnauthorizedApiTests" name="verifyUnauthorizedApiRequestHandling" time="2.898"/>
  <testcase classname="tests.api.NotesApiTests" name="verifyNewlyCreatedNoteAppearsInstantly" time="6.914"/>
  <testcase classname="tests.api.NotesApiTests" name="verifyNoteVisibilityAfterRefresh" time="1.434"/>
  <testcase classname="tests.ui.LoginTests" name="verifyLogin" time="5.341"/>
  <testcase classname="tests.api.NotesDeleteApiTests" name="verifySuccessfulNoteDeletion" time="2.33"/>
  <testcase classname="tests.api.NotesDeleteApiTests" name="verifyInvalidNoteIdDeletion" time="1.2"/>
  <testcase classname="tests.e2e.NotesHybridTests" name="verifyUiCreatedNoteInApi" time="3.79"/>
  <testcase classname="tests.ui.LoginTests" name="verifyLogin" time="0.886"/>
  <testcase classname="tests.ui.NotesUiTests" name="verifyNoteCreation" time="11.564"/>
  <testcase classname="tests.e2e.NotesHybridTests" name="verifyFieldMatchingAndNoteIdConsistency" time="1.223"/>
  <testcase classname="tests.api.NotesPerformanceApiTests" name="verifyApiResponseTime" time="1.432"/>
  <testcase classname="tests.ui.LoginTests" name="verifyLogin" time="0.307"/>
  <testcase classname="tests.ui.NotesUiTests" name="verifyNoteCreation" time="4.105"/>
  <testcase classname="tests.api.NotesPerformanceApiTests" name="verifyApiStabilityDuringMultipleRequests" time="8.894"/>
  <testcase classname="tests.e2e.NotesDeletionHybridTests" name="verifyDeletedNoteDisappearsFromUi" time="16.295"/>
  <testcase classname="tests.ui.NotesUiTests" name="verifyNoteCreation" time="1.473"/>
  <testcase classname="tests.ui.NotesUiTests" name="verifyNoteCreation" time="1.568"/>
  <testcase classname="tests.ui.NotesUiTests" name="verifyNoteCreation" time="1.531"/>
  <testcase classname="tests.ui.NotesUiTests" name="verifyNoteCreation" time="1.429"/>
  <testcase classname="tests.e2e.NotesDeletionHybridTests" name="verifyDeletedNoteDoesNotReappearAfterRefresh" time="26.268"/>
</testsuite> <!-- AllParallelTests -->
