<?xml version="1.0" encoding="UTF-8"?>
<!-- Generated by org.testng.reporters.JUnitXMLReporter -->
<testsuite ignored="0" hostname="HP" failures="0" tests="20" name="AllParallelTests" time="109.598" errors="0" timestamp="2026-05-27T17:57:21 IST">
  <testcase classname="tests.api.UnauthorizedApiTests" name="verifyUnauthorizedApiRequestHandling" time="4.502"/>
  <testcase classname="tests.api.NotesApiTests" name="verifyNewlyCreatedNoteAppearsInstantly" time="10.155"/>
  <testcase classname="tests.api.NotesApiTests" name="verifyNoteVisibilityAfterRefresh" time="2.251"/>
  <testcase classname="tests.ui.LoginTests" name="verifyLogin" time="3.41"/>
  <testcase classname="tests.e2e.NotesHybridTests" name="verifyUiCreatedNoteInApi" time="5.85"/>
  <testcase classname="tests.api.NotesDeleteApiTests" name="verifySuccessfulNoteDeletion" time="3.708"/>
  <testcase classname="tests.api.NotesDeleteApiTests" name="verifyInvalidNoteIdDeletion" time="2.219"/>
  <testcase classname="tests.ui.LoginTests" name="verifyLogin" time="2.611"/>
  <testcase classname="tests.e2e.NotesHybridTests" name="verifyFieldMatchingAndNoteIdConsistency" time="2.918"/>
  <testcase classname="tests.ui.NotesUiTests" name="verifyNoteCreation" time="17.749"/>
  <testcase classname="tests.api.NotesPerformanceApiTests" name="verifyApiResponseTime" time="1.648"/>
  <testcase classname="tests.ui.LoginTests" name="verifyLogin" time="0.263"/>
  <testcase classname="tests.api.NotesPerformanceApiTests" name="verifyApiStabilityDuringMultipleRequests" time="18.609"/>
  <testcase classname="tests.ui.NotesUiTests" name="verifyNoteCreation" time="46.994"/>
  <testcase classname="tests.e2e.NotesDeletionHybridTests" name="verifyDeletedNoteDisappearsFromUi" time="63.197"/>
  <testcase classname="tests.ui.NotesUiTests" name="verifyNoteCreation" time="1.877"/>
  <testcase classname="tests.e2e.NotesDeletionHybridTests" name="verifyDeletedNoteDoesNotReappearAfterRefresh" time="3.115"/>
  <testcase classname="tests.ui.NotesUiTests" name="verifyNoteCreation" time="1.364"/>
  <testcase classname="tests.ui.NotesUiTests" name="verifyNoteCreation" time="1.825"/>
  <testcase classname="tests.ui.NotesUiTests" name="verifyNoteCreation" time="1.47"/>
</testsuite> <!-- AllParallelTests -->
